0 info it worked if it ends with ok
1 verbose cli [ '/usr/bin/node',
1 verbose cli   '/usr/bin/npm',
1 verbose cli   'install',
1 verbose cli   '--save',
1 verbose cli   '--save-exact',
1 verbose cli   '--loglevel',
1 verbose cli   'error',
1 verbose cli   'react',
1 verbose cli   'react-dom',
1 verbose cli   'react-scripts',
1 verbose cli   'cra-template-typescript' ]
2 info using npm@6.13.4
3 info using node@v10.19.0
4 verbose npm-session 2b106d3ca8949c74
5 silly install loadCurrentTree
6 silly install readLocalPackageData
7 http fetch GET 200 https://registry.npmjs.org/react 447ms
8 http fetch GET 200 https://registry.npmjs.org/react/-/react-16.13.1.tgz 139ms
9 silly pacote tag manifest for react@latest fetched in 659ms
10 http fetch GET 200 https://registry.npmjs.org/cra-template-typescript 1299ms
11 http fetch GET 200 https://registry.npmjs.org/react-dom 1329ms
12 http fetch GET 200 https://registry.npmjs.org/cra-template-typescript/-/cra-template-typescript-1.0.3.tgz 139ms
13 http fetch GET 200 https://registry.npmjs.org/react-scripts 1472ms
14 silly pacote tag manifest for cra-template-typescript@latest fetched in 1499ms
15 http fetch GET 200 https://registry.npmjs.org/react-scripts/-/react-scripts-3.4.1.tgz 306ms
16 silly pacote tag manifest for react-scripts@latest fetched in 1864ms
17 http fetch GET 200 https://registry.npmjs.org/react-dom/-/react-dom-16.13.1.tgz 1149ms
18 silly pacote tag manifest for react-dom@latest fetched in 2535ms
19 timing stage:loadCurrentTree Completed in 2613ms
20 silly install loadIdealTree
21 silly install cloneCurrentTreeToIdealTree
22 timing stage:loadIdealTree:cloneCurrentTree Completed in 0ms
23 silly install loadShrinkwrap
24 timing stage:loadIdealTree:loadShrinkwrap Completed in 8ms
25 silly install loadAllDepsIntoIdealTree
26 silly resolveWithNewModule react@16.13.1 checking installable status
27 silly resolveWithNewModule cra-template-typescript@1.0.3 checking installable status
28 silly resolveWithNewModule react-scripts@3.4.1 checking installable status
29 silly resolveWithNewModule react-dom@16.13.1 checking installable status
30 http fetch GET 200 https://registry.npmjs.org/loose-envify 122ms
31 http fetch GET 200 https://registry.npmjs.org/prop-types 307ms
32 http fetch GET 200 https://registry.npmjs.org/loose-envify/-/loose-envify-1.4.0.tgz 309ms
33 http fetch GET 200 https://registry.npmjs.org/prop-types/-/prop-types-15.7.2.tgz 134ms
34 silly pacote range manifest for loose-envify@^1.1.0 fetched in 493ms
35 silly resolveWithNewModule loose-envify@1.4.0 checking installable status
36 http fetch GET 200 https://registry.npmjs.org/object-assign 512ms
37 silly pacote range manifest for prop-types@^15.6.2 fetched in 530ms
38 silly resolveWithNewModule prop-types@15.7.2 checking installable status
39 http fetch GET 200 https://registry.npmjs.org/object-assign/-/object-assign-4.1.1.tgz 276ms
40 silly pacote range manifest for object-assign@^4.1.1 fetched in 828ms
41 silly resolveWithNewModule object-assign@4.1.1 checking installable status
42 http fetch GET 200 https://registry.npmjs.org/js-tokens 295ms
43 http fetch GET 200 https://registry.npmjs.org/js-tokens/-/js-tokens-4.0.0.tgz 153ms
44 silly pacote range manifest for js-tokens@^3.0.0 || ^4.0.0 fetched in 501ms
45 silly resolveWithNewModule js-tokens@4.0.0 checking installable status
46 http fetch GET 200 https://registry.npmjs.org/react-is 541ms
47 http fetch GET 200 https://registry.npmjs.org/react-is/-/react-is-16.13.1.tgz 357ms
48 silly pacote range manifest for react-is@^16.8.1 fetched in 942ms
49 silly resolveWithNewModule react-is@16.13.1 checking installable status
50 http fetch GET 200 https://registry.npmjs.org/scheduler 346ms
51 http fetch GET 200 https://registry.npmjs.org/scheduler/-/scheduler-0.19.1.tgz 113ms
52 silly pacote range manifest for scheduler@^0.19.1 fetched in 503ms
53 silly resolveWithNewModule scheduler@0.19.1 checking installable status
54 http fetch GET 200 https://registry.npmjs.org/babel-preset-react-app 320ms
55 http fetch GET 200 https://registry.npmjs.org/babel-jest 412ms
56 http fetch GET 200 https://registry.npmjs.org/@svgr%2fwebpack 449ms
57 http fetch GET 200 https://registry.npmjs.org/babel-jest/-/babel-jest-24.9.0.tgz 204ms
58 http fetch GET 200 https://registry.npmjs.org/@babel%2fcore 644ms
59 http fetch GET 200 https://registry.npmjs.org/babel-preset-react-app/-/babel-preset-react-app-9.1.2.tgz 320ms
60 http fetch GET 200 https://registry.npmjs.org/@typescript-eslint%2fparser 688ms
61 silly pacote range manifest for babel-jest@^24.9.0 fetched in 1010ms
62 silly resolveWithNewModule babel-jest@24.9.0 checking installable status
63 silly pacote range manifest for babel-preset-react-app@^9.1.2 fetched in 1100ms
64 silly resolveWithNewModule babel-preset-react-app@9.1.2 checking installable status
65 http fetch GET 200 https://registry.npmjs.org/@svgr/webpack/-/webpack-4.3.3.tgz 686ms
66 http fetch GET 200 https://registry.npmjs.org/babel-eslint 1149ms
67 http fetch GET 200 https://registry.npmjs.org/babel-loader 1149ms
68 http fetch GET 200 https://registry.npmjs.org/@babel/core/-/core-7.9.0.tgz 501ms
69 http fetch GET 200 https://registry.npmjs.org/camelcase 1173ms
70 http fetch GET 200 https://registry.npmjs.org/babel-plugin-named-asset-import 1226ms
71 http fetch GET 200 https://registry.npmjs.org/case-sensitive-paths-webpack-plugin 282ms
72 http fetch GET 200 https://registry.npmjs.org/@typescript-eslint%2feslint-plugin 1345ms
73 silly pacote version manifest for @svgr/webpack@4.3.3 fetched in 1396ms
74 silly resolveWithNewModule @svgr/webpack@4.3.3 checking installable status
75 silly pacote version manifest for @babel/core@7.9.0 fetched in 1406ms
76 silly resolveWithNewModule @babel/core@7.9.0 checking installable status
77 http fetch GET 200 https://registry.npmjs.org/babel-loader/-/babel-loader-8.1.0.tgz 242ms
78 http fetch GET 200 https://registry.npmjs.org/@typescript-eslint/parser/-/parser-2.34.0.tgz 521ms
79 http fetch GET 200 https://registry.npmjs.org/css-loader 325ms
80 http fetch GET 200 https://registry.npmjs.org/babel-eslint/-/babel-eslint-10.1.0.tgz 352ms
81 silly pacote version manifest for babel-loader@8.1.0 fetched in 1547ms
82 silly resolveWithNewModule babel-loader@8.1.0 checking installable status
83 silly pacote range manifest for @typescript-eslint/parser@^2.10.0 fetched in 1564ms
84 silly resolveWithNewModule @typescript-eslint/parser@2.34.0 checking installable status
85 http fetch GET 200 https://registry.npmjs.org/camelcase/-/camelcase-5.3.1.tgz 386ms
86 http fetch GET 200 https://registry.npmjs.org/dotenv-expand 201ms
87 http fetch GET 200 https://registry.npmjs.org/babel-plugin-named-asset-import/-/babel-plugin-named-asset-import-0.3.6.tgz 356ms
88 silly pacote version manifest for babel-eslint@10.1.0 fetched in 1731ms
89 http fetch GET 200 https://registry.npmjs.org/css-loader/-/css-loader-3.4.2.tgz 275ms
90 silly resolveWithNewModule babel-eslint@10.1.0 checking installable status
91 silly pacote range manifest for camelcase@^5.3.1 fetched in 1748ms
92 silly resolveWithNewModule camelcase@5.3.1 checking installable status
93 silly pacote range manifest for babel-plugin-named-asset-import@^0.3.6 fetched in 1863ms
94 silly resolveWithNewModule babel-plugin-named-asset-import@0.3.6 checking installable status
95 http fetch GET 200 https://registry.npmjs.org/dotenv 486ms
96 http fetch GET 200 https://registry.npmjs.org/case-sensitive-paths-webpack-plugin/-/case-sensitive-paths-webpack-plugin-2.3.0.tgz 568ms
97 silly pacote version manifest for css-loader@3.4.2 fetched in 812ms
98 http fetch GET 200 https://registry.npmjs.org/eslint-config-react-app 348ms
99 silly resolveWithNewModule css-loader@3.4.2 checking installable status
100 http fetch GET 200 https://registry.npmjs.org/dotenv-expand/-/dotenv-expand-5.1.0.tgz 344ms
101 http fetch GET 200 https://registry.npmjs.org/@typescript-eslint/eslint-plugin/-/eslint-plugin-2.34.0.tgz 555ms
102 silly pacote version manifest for case-sensitive-paths-webpack-plugin@2.3.0 fetched in 987ms
103 silly resolveWithNewModule case-sensitive-paths-webpack-plugin@2.3.0 checking installable status
104 silly pacote version manifest for dotenv-expand@5.1.0 fetched in 653ms
105 silly resolveWithNewModule dotenv-expand@5.1.0 checking installable status
106 silly pacote range manifest for @typescript-eslint/eslint-plugin@^2.10.0 fetched in 2091ms
107 silly resolveWithNewModule @typescript-eslint/eslint-plugin@2.34.0 checking installable status
108 http fetch GET 200 https://registry.npmjs.org/eslint-plugin-flowtype 354ms
109 http fetch GET 200 https://registry.npmjs.org/eslint-loader 404ms
110 http fetch GET 200 https://registry.npmjs.org/dotenv/-/dotenv-8.2.0.tgz 247ms
111 http fetch GET 200 https://registry.npmjs.org/eslint-plugin-react 217ms
112 silly pacote version manifest for dotenv@8.2.0 fetched in 892ms
113 silly resolveWithNewModule dotenv@8.2.0 checking installable status
114 http fetch GET 200 https://registry.npmjs.org/file-loader 248ms
115 http fetch GET 200 https://registry.npmjs.org/eslint-plugin-flowtype/-/eslint-plugin-flowtype-4.6.0.tgz 230ms
116 http fetch GET 200 https://registry.npmjs.org/eslint-config-react-app/-/eslint-config-react-app-5.2.1.tgz 441ms
117 http fetch GET 200 https://registry.npmjs.org/eslint-plugin-import 521ms
118 http fetch GET 200 https://registry.npmjs.org/eslint-plugin-jsx-a11y 515ms
119 http fetch GET 200 https://registry.npmjs.org/eslint-loader/-/eslint-loader-3.0.3.tgz 315ms
120 http fetch GET 200 https://registry.npmjs.org/eslint 976ms
121 silly pacote version manifest for eslint-plugin-flowtype@4.6.0 fetched in 882ms
122 http fetch GET 200 https://registry.npmjs.org/eslint-plugin-react-hooks 552ms
123 silly resolveWithNewModule eslint-plugin-flowtype@4.6.0 checking installable status
124 silly pacote range manifest for eslint-config-react-app@^5.2.1 fetched in 1138ms
125 silly resolveWithNewModule eslint-config-react-app@5.2.1 checking installable status
126 http fetch GET 200 https://registry.npmjs.org/fs-extra 428ms
127 silly pacote version manifest for eslint-loader@3.0.3 fetched in 1019ms
128 silly resolveWithNewModule eslint-loader@3.0.3 checking installable status
129 http fetch GET 200 https://registry.npmjs.org/file-loader/-/file-loader-4.3.0.tgz 422ms
130 http fetch GET 200 https://registry.npmjs.org/eslint-plugin-jsx-a11y/-/eslint-plugin-jsx-a11y-6.2.3.tgz 333ms
131 http fetch GET 200 https://registry.npmjs.org/eslint-plugin-react-hooks/-/eslint-plugin-react-hooks-1.7.0.tgz 196ms
132 http fetch GET 200 https://registry.npmjs.org/eslint-plugin-react/-/eslint-plugin-react-7.19.0.tgz 648ms
133 silly pacote version manifest for file-loader@4.3.0 fetched in 904ms
134 silly resolveWithNewModule file-loader@4.3.0 checking installable status
135 silly pacote version manifest for eslint-plugin-jsx-a11y@6.2.3 fetched in 1089ms
136 silly resolveWithNewModule eslint-plugin-jsx-a11y@6.2.3 checking installable status
137 silly pacote range manifest for eslint-plugin-react-hooks@^1.6.1 fetched in 1001ms
138 silly resolveWithNewModule eslint-plugin-react-hooks@1.7.0 checking installable status
139 silly pacote version manifest for eslint-plugin-react@7.19.0 fetched in 1156ms
140 silly resolveWithNewModule eslint-plugin-react@7.19.0 checking installable status
141 http fetch GET 200 https://registry.npmjs.org/jest 451ms
142 http fetch GET 200 https://registry.npmjs.org/html-webpack-plugin 600ms
143 http fetch GET 200 https://registry.npmjs.org/eslint-plugin-import/-/eslint-plugin-import-2.20.1.tgz 826ms
144 http fetch GET 200 https://registry.npmjs.org/identity-obj-proxy 551ms
145 http fetch GET 200 https://registry.npmjs.org/fs-extra/-/fs-extra-8.1.0.tgz 549ms
146 http fetch GET 200 https://registry.npmjs.org/jest-environment-jsdom-fourteen 311ms
147 http fetch GET 200 https://registry.npmjs.org/jest-resolve 322ms
148 http fetch GET 200 https://registry.npmjs.org/jest-watch-typeahead 246ms
149 silly pacote version manifest for eslint-plugin-import@2.20.1 fetched in 1582ms
150 silly resolveWithNewModule eslint-plugin-import@2.20.1 checking installable status
151 silly pacote range manifest for fs-extra@^8.1.0 fetched in 1160ms
152 silly resolveWithNewModule fs-extra@8.1.0 checking installable status
153 http fetch GET 200 https://registry.npmjs.org/jest/-/jest-24.9.0.tgz 260ms
154 http fetch GET 200 https://registry.npmjs.org/eslint/-/eslint-6.8.0.tgz 901ms
155 http fetch GET 200 https://registry.npmjs.org/mini-css-extract-plugin 447ms
156 silly pacote version manifest for jest@24.9.0 fetched in 909ms
157 silly resolveWithNewModule jest@24.9.0 checking installable status
158 silly pacote range manifest for eslint@^6.6.0 fetched in 2133ms
159 http fetch GET 200 https://registry.npmjs.org/jest-watch-typeahead/-/jest-watch-typeahead-0.4.2.tgz 272ms
160 http fetch GET 200 https://registry.npmjs.org/identity-obj-proxy/-/identity-obj-proxy-3.0.0.tgz 410ms
161 silly resolveWithNewModule eslint@6.8.0 checking installable status
162 http fetch GET 200 https://registry.npmjs.org/optimize-css-assets-webpack-plugin 298ms
163 http fetch GET 200 https://registry.npmjs.org/html-webpack-plugin/-/html-webpack-plugin-4.0.0-beta.11.tgz 499ms
164 http fetch GET 200 https://registry.npmjs.org/pnp-webpack-plugin 282ms
165 http fetch GET 200 https://registry.npmjs.org/jest-resolve/-/jest-resolve-24.9.0.tgz 414ms
166 http fetch GET 200 https://registry.npmjs.org/jest-environment-jsdom-fourteen/-/jest-environment-jsdom-fourteen-1.0.1.tgz 460ms
167 silly pacote version manifest for identity-obj-proxy@3.0.0 fetched in 1135ms
168 silly resolveWithNewModule identity-obj-proxy@3.0.0 checking installable status
169 silly pacote version manifest for jest-watch-typeahead@0.4.2 fetched in 766ms
170 silly resolveWithNewModule jest-watch-typeahead@0.4.2 checking installable status
171 silly pacote version manifest for html-webpack-plugin@4.0.0-beta.11 fetched in 1238ms
172 silly resolveWithNewModule html-webpack-plugin@4.0.0-beta.11 checking installable status
173 http fetch GET 200 https://registry.npmjs.org/postcss-flexbugs-fixes 234ms
174 silly pacote version manifest for jest-resolve@24.9.0 fetched in 926ms
175 http fetch GET 200 https://registry.npmjs.org/optimize-css-assets-webpack-plugin/-/optimize-css-assets-webpack-plugin-5.0.3.tgz 169ms
176 silly resolveWithNewModule jest-resolve@24.9.0 checking installable status
177 silly pacote version manifest for jest-environment-jsdom-fourteen@1.0.1 fetched in 992ms
178 silly resolveWithNewModule jest-environment-jsdom-fourteen@1.0.1 checking installable status
179 http fetch GET 200 https://registry.npmjs.org/postcss-normalize 272ms
180 silly pacote version manifest for optimize-css-assets-webpack-plugin@5.0.3 fetched in 683ms
181 http fetch GET 200 https://registry.npmjs.org/mini-css-extract-plugin/-/mini-css-extract-plugin-0.9.0.tgz 464ms
182 silly resolveWithNewModule optimize-css-assets-webpack-plugin@5.0.3 checking installable status
183 http fetch GET 200 https://registry.npmjs.org/postcss-safe-parser 342ms
184 http fetch GET 200 https://registry.npmjs.org/pnp-webpack-plugin/-/pnp-webpack-plugin-1.6.4.tgz 452ms
185 http fetch GET 200 https://registry.npmjs.org/postcss-loader 580ms
186 http fetch GET 200 https://registry.npmjs.org/react-dev-utils 395ms
187 http fetch GET 200 https://registry.npmjs.org/postcss-preset-env 559ms
188 silly pacote version manifest for mini-css-extract-plugin@0.9.0 fetched in 1247ms
189 silly resolveWithNewModule mini-css-extract-plugin@0.9.0 checking installable status
190 silly pacote version manifest for pnp-webpack-plugin@1.6.4 fetched in 1007ms
191 http fetch GET 200 https://registry.npmjs.org/postcss-flexbugs-fixes/-/postcss-flexbugs-fixes-4.1.0.tgz 572ms
192 silly resolveWithNewModule pnp-webpack-plugin@1.6.4 checking installable status
193 http fetch GET 200 https://registry.npmjs.org/postcss-normalize/-/postcss-normalize-8.0.1.tgz 381ms
194 http fetch GET 200 https://registry.npmjs.org/resolve 394ms
195 http fetch GET 200 https://registry.npmjs.org/react-app-polyfill 596ms
196 http fetch GET 200 https://registry.npmjs.org/postcss-loader/-/postcss-loader-3.0.0.tgz 231ms
197 silly pacote version manifest for postcss-flexbugs-fixes@4.1.0 fetched in 959ms
198 silly resolveWithNewModule postcss-flexbugs-fixes@4.1.0 checking installable status
199 http fetch GET 200 https://registry.npmjs.org/resolve-url-loader 202ms
200 silly pacote version manifest for postcss-normalize@8.0.1 fetched in 846ms
201 silly resolveWithNewModule postcss-normalize@8.0.1 checking installable status
202 silly pacote version manifest for postcss-loader@3.0.0 fetched in 1029ms
203 silly resolveWithNewModule postcss-loader@3.0.0 checking installable status
204 http fetch GET 200 https://registry.npmjs.org/postcss-safe-parser/-/postcss-safe-parser-4.0.1.tgz 484ms
205 http fetch GET 200 https://registry.npmjs.org/react-app-polyfill/-/react-app-polyfill-1.0.6.tgz 289ms
206 http fetch GET 200 https://registry.npmjs.org/postcss-preset-env/-/postcss-preset-env-6.7.0.tgz 548ms
207 http fetch GET 200 https://registry.npmjs.org/react-dev-utils/-/react-dev-utils-10.2.1.tgz 569ms
208 silly pacote version manifest for postcss-safe-parser@4.0.1 fetched in 1158ms
209 http fetch GET 200 https://registry.npmjs.org/semver 410ms
210 silly resolveWithNewModule postcss-safe-parser@4.0.1 checking installable status
211 http fetch GET 200 https://registry.npmjs.org/style-loader 356ms
212 http fetch GET 200 https://registry.npmjs.org/terser-webpack-plugin 402ms
213 http fetch GET 200 https://registry.npmjs.org/resolve/-/resolve-1.15.0.tgz 562ms
214 http fetch GET 200 https://registry.npmjs.org/sass-loader 636ms
215 silly pacote range manifest for react-app-polyfill@^1.0.6 fetched in 1207ms
216 silly pacote version manifest for postcss-preset-env@6.7.0 fetched in 1298ms
217 silly resolveWithNewModule react-app-polyfill@1.0.6 checking installable status
218 silly resolveWithNewModule postcss-preset-env@6.7.0 checking installable status
219 http fetch GET 200 https://registry.npmjs.org/resolve-url-loader/-/resolve-url-loader-3.1.1.tgz 494ms
220 silly pacote range manifest for react-dev-utils@^10.2.1 fetched in 1218ms
221 silly resolveWithNewModule react-dev-utils@10.2.1 checking installable status
222 http fetch GET 200 https://registry.npmjs.org/style-loader/-/style-loader-0.23.1.tgz 313ms
223 silly pacote version manifest for resolve-url-loader@3.1.1 fetched in 941ms
224 silly resolveWithNewModule resolve-url-loader@3.1.1 checking installable status
225 silly pacote version manifest for resolve@1.15.0 fetched in 1267ms
226 http fetch GET 200 https://registry.npmjs.org/sass-loader/-/sass-loader-8.0.2.tgz 259ms
227 silly resolveWithNewModule resolve@1.15.0 checking installable status
228 http fetch GET 200 https://registry.npmjs.org/ts-pnp 509ms
229 silly pacote version manifest for style-loader@0.23.1 fetched in 870ms
230 silly resolveWithNewModule style-loader@0.23.1 checking installable status
231 http fetch GET 200 https://registry.npmjs.org/semver/-/semver-6.3.0.tgz 498ms
232 silly pacote version manifest for sass-loader@8.0.2 fetched in 1114ms
233 silly resolveWithNewModule sass-loader@8.0.2 checking installable status
234 http fetch GET 200 https://registry.npmjs.org/url-loader 439ms
235 http fetch GET 200 https://registry.npmjs.org/webpack-dev-server 384ms
236 http fetch GET 200 https://registry.npmjs.org/terser-webpack-plugin/-/terser-webpack-plugin-2.3.5.tgz 484ms
237 silly pacote version manifest for semver@6.3.0 fetched in 1029ms
238 http fetch GET 200 https://registry.npmjs.org/webpack 495ms
239 silly resolveWithNewModule semver@6.3.0 checking installable status
240 silly pacote version manifest for terser-webpack-plugin@2.3.5 fetched in 1082ms
241 silly resolveWithNewModule terser-webpack-plugin@2.3.5 checking installable status
242 http fetch GET 200 https://registry.npmjs.org/ts-pnp/-/ts-pnp-1.1.6.tgz 300ms
243 http fetch GET 200 https://registry.npmjs.org/fsevents 330ms
244 http fetch GET 200 https://registry.npmjs.org/webpack-manifest-plugin 526ms
245 http fetch GET 200 https://registry.npmjs.org/workbox-webpack-plugin 573ms
246 silly pacote version manifest for ts-pnp@1.1.6 fetched in 1109ms
247 silly resolveWithNewModule ts-pnp@1.1.6 checking installable status
248 http fetch GET 200 https://registry.npmjs.org/url-loader/-/url-loader-2.3.0.tgz 567ms
249 http fetch GET 200 https://registry.npmjs.org/webpack/-/webpack-4.42.0.tgz 455ms
250 http fetch GET 200 https://registry.npmjs.org/webpack-dev-server/-/webpack-dev-server-3.10.3.tgz 569ms
251 http fetch GET 200 https://registry.npmjs.org/fsevents/-/fsevents-2.1.2.tgz 305ms
252 silly pacote version manifest for url-loader@2.3.0 fetched in 1126ms
253 silly resolveWithNewModule url-loader@2.3.0 checking installable status
254 silly pacote version manifest for webpack@4.42.0 fetched in 1163ms
255 silly pacote version manifest for webpack-dev-server@3.10.3 fetched in 1103ms
256 silly pacote version manifest for fsevents@2.1.2 fetched in 765ms
257 silly resolveWithNewModule webpack@4.42.0 checking installable status
258 silly resolveWithNewModule webpack-dev-server@3.10.3 checking installable status
259 silly resolveWithNewModule fsevents@2.1.2 checking installable status
260 http fetch GET 200 https://registry.npmjs.org/webpack-manifest-plugin/-/webpack-manifest-plugin-2.2.0.tgz 407ms
261 http fetch GET 200 https://registry.npmjs.org/workbox-webpack-plugin/-/workbox-webpack-plugin-4.3.1.tgz 346ms
262 silly pacote version manifest for webpack-manifest-plugin@2.2.0 fetched in 1023ms
263 silly resolveWithNewModule webpack-manifest-plugin@2.2.0 checking installable status
264 silly pacote version manifest for workbox-webpack-plugin@4.3.1 fetched in 1005ms
265 silly resolveWithNewModule workbox-webpack-plugin@4.3.1 checking installable status
266 http fetch GET 200 https://registry.npmjs.org/convert-source-map 144ms
267 http fetch GET 200 https://registry.npmjs.org/@babel%2fhelpers 177ms
268 http fetch GET 200 https://registry.npmjs.org/@babel%2fgenerator 208ms
269 http fetch GET 200 https://registry.npmjs.org/@babel%2fcode-frame 253ms
270 http fetch GET 200 https://registry.npmjs.org/convert-source-map/-/convert-source-map-1.7.0.tgz 131ms
271 silly pacote range manifest for convert-source-map@^1.7.0 fetched in 356ms
272 silly resolveWithNewModule convert-source-map@1.7.0 checking installable status
273 http fetch GET 200 https://registry.npmjs.org/@babel/helpers/-/helpers-7.10.4.tgz 200ms
274 http fetch GET 200 https://registry.npmjs.org/debug 409ms
275 http fetch GET 200 https://registry.npmjs.org/@babel%2fhelper-module-transforms 430ms
276 http fetch GET 200 https://registry.npmjs.org/@babel/generator/-/generator-7.10.5.tgz 220ms
277 silly pacote range manifest for @babel/helpers@^7.9.0 fetched in 448ms
278 silly resolveWithNewModule @babel/helpers@7.10.4 checking installable status
279 silly pacote range manifest for @babel/generator@^7.9.0 fetched in 506ms
280 silly resolveWithNewModule @babel/generator@7.10.5 checking installable status
281 http fetch GET 200 https://registry.npmjs.org/gensync 161ms
282 http fetch GET 200 https://registry.npmjs.org/debug/-/debug-4.1.1.tgz 121ms
283 http fetch GET 200 https://registry.npmjs.org/@babel/code-frame/-/code-frame-7.10.4.tgz 391ms
284 silly pacote range manifest for debug@^4.1.0 fetched in 713ms
285 silly resolveWithNewModule debug@4.1.1 checking installable status
286 http fetch GET 200 https://registry.npmjs.org/lodash 260ms
287 http fetch GET 200 https://registry.npmjs.org/@babel%2ftraverse 821ms
288 http fetch GET 200 https://registry.npmjs.org/@babel%2ftypes 838ms
289 http fetch GET 200 https://registry.npmjs.org/@babel%2ftemplate 857ms
290 http fetch GET 200 https://registry.npmjs.org/gensync/-/gensync-1.0.0-beta.1.tgz 332ms
291 http fetch GET 200 https://registry.npmjs.org/@babel%2fparser 865ms
292 silly pacote range manifest for @babel/code-frame@^7.8.3 fetched in 880ms
293 silly resolveWithNewModule @babel/code-frame@7.10.4 checking installable status
294 http fetch GET 200 https://registry.npmjs.org/@babel/helper-module-transforms/-/helper-module-transforms-7.10.5.tgz 587ms
295 http fetch GET 200 https://registry.npmjs.org/json5 576ms
296 http fetch GET 200 https://registry.npmjs.org/semver/-/semver-5.7.1.tgz 309ms
297 silly pacote range manifest for gensync@^1.0.0-beta.1 fetched in 713ms
298 silly resolveWithNewModule gensync@1.0.0-beta.1 checking installable status
299 silly pacote range manifest for @babel/helper-module-transforms@^7.9.0 fetched in 1076ms
300 silly resolveWithNewModule @babel/helper-module-transforms@7.10.5 checking installable status
301 silly pacote range manifest for semver@^5.4.1 fetched in 386ms
302 silly resolveWithNewModule semver@5.7.1 checking installable status
303 http fetch GET 200 https://registry.npmjs.org/@babel/template/-/template-7.10.4.tgz 384ms
304 http fetch GET 200 https://registry.npmjs.org/@babel/traverse/-/traverse-7.10.5.tgz 437ms
305 http fetch GET 200 https://registry.npmjs.org/source-map 476ms
306 http fetch GET 200 https://registry.npmjs.org/lodash/-/lodash-4.17.19.tgz 580ms
307 silly pacote range manifest for @babel/template@^7.8.6 fetched in 1385ms
308 http fetch GET 200 https://registry.npmjs.org/@babel/types/-/types-7.10.5.tgz 524ms
309 silly resolveWithNewModule @babel/template@7.10.4 checking installable status
310 silly pacote range manifest for @babel/traverse@^7.9.0 fetched in 1387ms
311 silly resolveWithNewModule @babel/traverse@7.10.5 checking installable status
312 silly pacote range manifest for lodash@^4.17.13 fetched in 920ms
313 silly resolveWithNewModule lodash@4.17.19 checking installable status
314 http fetch GET 200 https://registry.npmjs.org/json5/-/json5-2.1.3.tgz 395ms
315 silly pacote range manifest for @babel/types@^7.9.0 fetched in 1458ms
316 silly resolveWithNewModule @babel/types@7.10.5 checking installable status
317 silly pacote range manifest for json5@^2.1.2 fetched in 1023ms
318 silly resolveWithNewModule json5@2.1.3 checking installable status
319 http fetch GET 200 https://registry.npmjs.org/@babel/parser/-/parser-7.10.5.tgz 747ms
320 silly pacote range manifest for @babel/parser@^7.9.0 fetched in 1681ms
321 silly resolveWithNewModule @babel/parser@7.10.5 checking installable status
322 http fetch GET 200 https://registry.npmjs.org/source-map/-/source-map-0.5.7.tgz 1959ms
323 silly pacote range manifest for source-map@^0.5.0 fetched in 2491ms
324 silly resolveWithNewModule source-map@0.5.7 checking installable status
325 http fetch GET 200 https://registry.npmjs.org/@babel%2fhighlight 1614ms
326 http fetch GET 200 https://registry.npmjs.org/@babel/highlight/-/highlight-7.10.4.tgz 1155ms
327 silly pacote range manifest for @babel/highlight@^7.10.4 fetched in 2828ms
328 silly resolveWithNewModule @babel/highlight@7.10.4 checking installable status
329 http fetch GET 200 https://registry.npmjs.org/chalk 1077ms
330 http fetch GET 200 https://registry.npmjs.org/@babel%2fhelper-validator-identifier 1096ms
331 http fetch GET 200 https://registry.npmjs.org/chalk/-/chalk-2.4.2.tgz 530ms
332 http fetch GET 200 https://registry.npmjs.org/@babel/helper-validator-identifier/-/helper-validator-identifier-7.10.4.tgz 532ms
333 silly pacote range manifest for chalk@^2.0.0 fetched in 1654ms
334 silly resolveWithNewModule chalk@2.4.2 checking installable status
335 silly pacote range manifest for @babel/helper-validator-identifier@^7.10.4 fetched in 1674ms
336 silly resolveWithNewModule @babel/helper-validator-identifier@7.10.4 checking installable status
337 http fetch GET 200 https://registry.npmjs.org/ansi-styles 289ms
338 http fetch GET 200 https://registry.npmjs.org/escape-string-regexp 318ms
339 http fetch GET 200 https://registry.npmjs.org/supports-color 334ms
340 http fetch GET 200 https://registry.npmjs.org/supports-color/-/supports-color-5.5.0.tgz 96ms
341 silly pacote range manifest for supports-color@^5.3.0 fetched in 465ms
342 silly resolveWithNewModule supports-color@5.5.0 checking installable status
343 http fetch GET 200 https://registry.npmjs.org/ansi-styles/-/ansi-styles-3.2.1.tgz 279ms
344 silly pacote range manifest for ansi-styles@^3.2.1 fetched in 629ms
345 silly resolveWithNewModule ansi-styles@3.2.1 checking installable status
346 http fetch GET 200 https://registry.npmjs.org/escape-string-regexp/-/escape-string-regexp-1.0.5.tgz 339ms
347 silly pacote range manifest for escape-string-regexp@^1.0.5 fetched in 700ms
348 silly resolveWithNewModule escape-string-regexp@1.0.5 checking installable status
349 http fetch GET 200 https://registry.npmjs.org/color-convert 104ms
350 http fetch GET 200 https://registry.npmjs.org/color-convert/-/color-convert-1.9.3.tgz 89ms
351 silly pacote range manifest for color-convert@^1.9.0 fetched in 228ms
352 silly resolveWithNewModule color-convert@1.9.3 checking installable status
353 http fetch GET 200 https://registry.npmjs.org/color-name 138ms
354 http fetch GET 200 https://registry.npmjs.org/color-name/-/color-name-1.1.3.tgz 265ms
355 silly pacote version manifest for color-name@1.1.3 fetched in 436ms
356 silly resolveWithNewModule color-name@1.1.3 checking installable status
357 http fetch GET 200 https://registry.npmjs.org/has-flag 257ms
358 http fetch GET 200 https://registry.npmjs.org/has-flag/-/has-flag-3.0.0.tgz 354ms
359 silly pacote range manifest for has-flag@^3.0.0 fetched in 647ms
360 silly resolveWithNewModule has-flag@3.0.0 checking installable status
361 http fetch GET 200 https://registry.npmjs.org/jsesc 305ms
362 http fetch GET 200 https://registry.npmjs.org/jsesc/-/jsesc-2.5.2.tgz 75ms
363 silly pacote range manifest for jsesc@^2.5.1 fetched in 418ms
364 silly resolveWithNewModule jsesc@2.5.2 checking installable status
365 http fetch GET 200 https://registry.npmjs.org/to-fast-properties 267ms
366 http fetch GET 200 https://registry.npmjs.org/to-fast-properties/-/to-fast-properties-2.0.0.tgz 273ms
367 silly pacote range manifest for to-fast-properties@^2.0.0 fetched in 572ms
368 silly resolveWithNewModule to-fast-properties@2.0.0 checking installable status
369 http fetch GET 200 https://registry.npmjs.org/@babel%2fhelper-replace-supers 121ms
370 http fetch GET 200 https://registry.npmjs.org/@babel%2fhelper-module-imports 146ms
371 http fetch GET 200 https://registry.npmjs.org/@babel%2fhelper-simple-access 177ms
372 http fetch GET 200 https://registry.npmjs.org/@babel%2fhelper-split-export-declaration 312ms
373 http fetch GET 200 https://registry.npmjs.org/@babel/helper-replace-supers/-/helper-replace-supers-7.10.4.tgz 278ms
374 http fetch GET 200 https://registry.npmjs.org/@babel/helper-split-export-declaration/-/helper-split-export-declaration-7.10.4.tgz 116ms
375 silly pacote range manifest for @babel/helper-replace-supers@^7.10.4 fetched in 469ms
376 silly resolveWithNewModule @babel/helper-replace-supers@7.10.4 checking installable status
377 http fetch GET 200 https://registry.npmjs.org/@babel/helper-module-imports/-/helper-module-imports-7.10.4.tgz 336ms
378 silly pacote range manifest for @babel/helper-split-export-declaration@^7.10.4 fetched in 507ms
379 silly resolveWithNewModule @babel/helper-split-export-declaration@7.10.4 checking installable status
380 http fetch GET 200 https://registry.npmjs.org/@babel/helper-simple-access/-/helper-simple-access-7.10.4.tgz 328ms
381 silly pacote range manifest for @babel/helper-module-imports@^7.10.4 fetched in 536ms
382 silly resolveWithNewModule @babel/helper-module-imports@7.10.4 checking installable status
383 silly pacote range manifest for @babel/helper-simple-access@^7.10.4 fetched in 553ms
384 silly resolveWithNewModule @babel/helper-simple-access@7.10.4 checking installable status
385 http fetch GET 200 https://registry.npmjs.org/@babel%2fhelper-member-expression-to-functions 285ms
386 http fetch GET 200 https://registry.npmjs.org/@babel%2fhelper-optimise-call-expression 308ms
387 http fetch GET 200 https://registry.npmjs.org/@babel/helper-member-expression-to-functions/-/helper-member-expression-to-functions-7.10.5.tgz 122ms
388 http fetch GET 200 https://registry.npmjs.org/@babel/helper-optimise-call-expression/-/helper-optimise-call-expression-7.10.4.tgz 121ms
389 silly pacote range manifest for @babel/helper-member-expression-to-functions@^7.10.4 fetched in 456ms
390 silly resolveWithNewModule @babel/helper-member-expression-to-functions@7.10.5 checking installable status
391 silly pacote range manifest for @babel/helper-optimise-call-expression@^7.10.4 fetched in 474ms
392 silly resolveWithNewModule @babel/helper-optimise-call-expression@7.10.4 checking installable status
393 http fetch GET 200 https://registry.npmjs.org/@babel%2fhelper-function-name 139ms
394 http fetch GET 200 https://registry.npmjs.org/globals 293ms
395 http fetch GET 200 https://registry.npmjs.org/globals/-/globals-11.12.0.tgz 104ms
396 http fetch GET 200 https://registry.npmjs.org/@babel/helper-function-name/-/helper-function-name-7.10.4.tgz 278ms
397 silly pacote range manifest for globals@^11.1.0 fetched in 438ms
398 silly resolveWithNewModule globals@11.12.0 checking installable status
399 silly pacote range manifest for @babel/helper-function-name@^7.10.4 fetched in 455ms
400 silly resolveWithNewModule @babel/helper-function-name@7.10.4 checking installable status
401 http fetch GET 200 https://registry.npmjs.org/@babel%2fhelper-get-function-arity 291ms
402 http fetch GET 200 https://registry.npmjs.org/@babel/helper-get-function-arity/-/helper-get-function-arity-7.10.4.tgz 290ms
403 silly pacote range manifest for @babel/helper-get-function-arity@^7.10.4 fetched in 620ms
404 silly resolveWithNewModule @babel/helper-get-function-arity@7.10.4 checking installable status
405 http fetch GET 200 https://registry.npmjs.org/ms 275ms
406 http fetch GET 200 https://registry.npmjs.org/ms/-/ms-2.1.2.tgz 619ms
407 silly pacote range manifest for ms@^2.1.1 fetched in 937ms
408 silly resolveWithNewModule ms@2.1.2 checking installable status
409 http fetch GET 200 https://registry.npmjs.org/safe-buffer 88ms
410 http fetch GET 200 https://registry.npmjs.org/safe-buffer/-/safe-buffer-5.1.2.tgz 139ms
411 silly pacote range manifest for safe-buffer@~5.1.1 fetched in 265ms
412 silly resolveWithNewModule safe-buffer@5.1.2 checking installable status
413 http fetch GET 200 https://registry.npmjs.org/minimist 123ms
414 http fetch GET 200 https://registry.npmjs.org/minimist/-/minimist-1.2.5.tgz 287ms
415 silly pacote range manifest for minimist@^1.2.5 fetched in 446ms
416 silly resolveWithNewModule minimist@1.2.5 checking installable status
417 http fetch GET 200 https://registry.npmjs.org/path-parse 94ms
418 http fetch GET 200 https://registry.npmjs.org/path-parse/-/path-parse-1.0.6.tgz 266ms
419 silly pacote range manifest for path-parse@^1.0.6 fetched in 395ms
420 silly resolveWithNewModule path-parse@1.0.6 checking installable status
421 http fetch GET 200 https://registry.npmjs.org/@svgr%2fplugin-svgo 143ms
422 http fetch GET 200 https://registry.npmjs.org/@svgr%2fcore 146ms
423 http fetch GET 200 https://registry.npmjs.org/@svgr%2fplugin-jsx 191ms
424 http fetch GET 200 https://registry.npmjs.org/loader-utils 322ms
425 http fetch GET 200 https://registry.npmjs.org/@babel%2fplugin-transform-react-constant-elements 342ms
426 http fetch GET 200 https://registry.npmjs.org/@babel%2fpreset-react 357ms
427 http fetch GET 200 https://registry.npmjs.org/@svgr/core/-/core-4.3.3.tgz 210ms
428 silly pacote range manifest for @svgr/core@^4.3.3 fetched in 451ms
429 silly resolveWithNewModule @svgr/core@4.3.3 checking installable status
430 http fetch GET 200 https://registry.npmjs.org/loader-utils/-/loader-utils-1.4.0.tgz 141ms
431 http fetch GET 200 https://registry.npmjs.org/@svgr/plugin-jsx/-/plugin-jsx-4.3.3.tgz 327ms
432 http fetch GET 200 https://registry.npmjs.org/@svgr/plugin-svgo/-/plugin-svgo-4.3.1.tgz 390ms
433 http fetch GET 200 https://registry.npmjs.org/@babel/plugin-transform-react-constant-elements/-/plugin-transform-react-constant-elements-7.10.4.tgz 212ms
434 silly pacote range manifest for loader-utils@^1.2.3 fetched in 574ms
435 silly resolveWithNewModule loader-utils@1.4.0 checking installable status
436 http fetch GET 200 https://registry.npmjs.org/@babel/preset-react/-/preset-react-7.10.4.tgz 232ms
437 silly pacote range manifest for @svgr/plugin-svgo@^4.3.1 fetched in 609ms
438 silly resolveWithNewModule @svgr/plugin-svgo@4.3.1 checking installable status
439 silly pacote range manifest for @svgr/plugin-jsx@^4.3.3 fetched in 610ms
440 silly resolveWithNewModule @svgr/plugin-jsx@4.3.3 checking installable status
441 silly pacote range manifest for @babel/plugin-transform-react-constant-elements@^7.0.0 fetched in 627ms
442 silly resolveWithNewModule @babel/plugin-transform-react-constant-elements@7.10.4 checking installable status
443 silly pacote range manifest for @babel/preset-react@^7.0.0 fetched in 654ms
444 silly resolveWithNewModule @babel/preset-react@7.10.4 checking installable status
445 http fetch GET 200 https://registry.npmjs.org/@babel%2fpreset-env 1764ms
446 http fetch GET 200 https://registry.npmjs.org/@babel/preset-env/-/preset-env-7.10.4.tgz 318ms
447 silly pacote range manifest for @babel/preset-env@^7.4.5 fetched in 2177ms
448 silly resolveWithNewModule @babel/preset-env@7.10.4 checking installable status
449 http fetch GET 200 https://registry.npmjs.org/@babel%2fhelper-plugin-utils 319ms
450 http fetch GET 200 https://registry.npmjs.org/@babel/helper-plugin-utils/-/helper-plugin-utils-7.10.4.tgz 310ms
451 silly pacote range manifest for @babel/helper-plugin-utils@^7.10.4 fetched in 672ms
452 silly resolveWithNewModule @babel/helper-plugin-utils@7.10.4 checking installable status
453 http fetch GET 200 https://registry.npmjs.org/@babel%2fhelper-compilation-targets 189ms
454 http fetch GET 200 https://registry.npmjs.org/@babel%2fplugin-proposal-class-properties 187ms
455 http fetch GET 200 https://registry.npmjs.org/@babel%2fcompat-data 221ms
456 http fetch GET 200 https://registry.npmjs.org/@babel%2fplugin-proposal-json-strings 215ms
457 http fetch GET 200 https://registry.npmjs.org/@babel/helper-compilation-targets/-/helper-compilation-targets-7.10.4.tgz 280ms
458 silly pacote range manifest for @babel/helper-compilation-targets@^7.10.4 fetched in 546ms
459 silly resolveWithNewModule @babel/helper-compilation-targets@7.10.4 checking installable status
460 http fetch GET 200 https://registry.npmjs.org/@babel/plugin-proposal-json-strings/-/plugin-proposal-json-strings-7.10.4.tgz 880ms
461 http fetch GET 200 https://registry.npmjs.org/@babel/plugin-proposal-class-properties/-/plugin-proposal-class-properties-7.10.4.tgz 928ms
462 silly pacote range manifest for @babel/plugin-proposal-json-strings@^7.10.4 fetched in 1192ms
463 silly resolveWithNewModule @babel/plugin-proposal-json-strings@7.10.4 checking installable status
464 silly pacote range manifest for @babel/plugin-proposal-class-properties@^7.10.4 fetched in 1225ms
465 silly resolveWithNewModule @babel/plugin-proposal-class-properties@7.10.4 checking installable status
466 http fetch GET 200 https://registry.npmjs.org/@babel/compat-data/-/compat-data-7.10.5.tgz 1277ms
467 silly pacote range manifest for @babel/compat-data@^7.10.4 fetched in 1563ms
468 silly resolveWithNewModule @babel/compat-data@7.10.5 checking installable status
469 http fetch GET 200 https://registry.npmjs.org/@babel%2fplugin-proposal-private-methods 587ms
470 http fetch GET 200 https://registry.npmjs.org/@babel%2fplugin-proposal-unicode-property-regex 588ms
471 http fetch GET 200 https://registry.npmjs.org/@babel%2fplugin-proposal-optional-catch-binding 2266ms
472 http fetch GET 200 https://registry.npmjs.org/@babel%2fplugin-syntax-async-generators 747ms
473 http fetch GET 200 https://registry.npmjs.org/@babel/plugin-syntax-async-generators/-/plugin-syntax-async-generators-7.8.4.tgz 577ms
474 http fetch GET 200 https://registry.npmjs.org/@babel/plugin-proposal-private-methods/-/plugin-proposal-private-methods-7.10.4.tgz 1131ms
475 http fetch GET 200 https://registry.npmjs.org/@babel%2fplugin-proposal-optional-chaining 2401ms
476 http fetch GET 200 https://registry.npmjs.org/@babel/plugin-proposal-unicode-property-regex/-/plugin-proposal-unicode-property-regex-7.10.4.tgz 1157ms
477 silly pacote range manifest for @babel/plugin-syntax-async-generators@^7.8.0 fetched in 1434ms
478 silly resolveWithNewModule @babel/plugin-syntax-async-generators@7.8.4 checking installable status
479 silly pacote range manifest for @babel/plugin-proposal-private-methods@^7.10.4 fetched in 1849ms
480 silly resolveWithNewModule @babel/plugin-proposal-private-methods@7.10.4 checking installable status
481 silly pacote range manifest for @babel/plugin-proposal-unicode-property-regex@^7.10.4 fetched in 1976ms
482 silly resolveWithNewModule @babel/plugin-proposal-unicode-property-regex@7.10.4 checking installable status
483 http fetch GET 200 https://registry.npmjs.org/@babel%2fplugin-proposal-dynamic-import 3238ms
484 http fetch GET 200 https://registry.npmjs.org/@babel/plugin-proposal-optional-chaining/-/plugin-proposal-optional-chaining-7.10.4.tgz 365ms
485 http fetch GET 200 https://registry.npmjs.org/@babel%2fplugin-syntax-class-properties 377ms
486 http fetch GET 200 https://registry.npmjs.org/@babel%2fplugin-syntax-dynamic-import 340ms
487 http fetch GET 200 https://registry.npmjs.org/@babel%2fplugin-proposal-object-rest-spread 3448ms
488 silly pacote range manifest for @babel/plugin-proposal-optional-chaining@^7.10.4 fetched in 2962ms
489 silly resolveWithNewModule @babel/plugin-proposal-optional-chaining@7.10.4 checking installable status
490 http fetch GET 200 https://registry.npmjs.org/@babel%2fplugin-syntax-json-strings 346ms
491 http fetch GET 200 https://registry.npmjs.org/@babel%2fplugin-proposal-numeric-separator 3600ms
492 http fetch GET 200 https://registry.npmjs.org/@babel/plugin-syntax-dynamic-import/-/plugin-syntax-dynamic-import-7.8.3.tgz 385ms
493 http fetch GET 200 https://registry.npmjs.org/@babel/plugin-proposal-dynamic-import/-/plugin-proposal-dynamic-import-7.10.4.tgz 640ms
494 http fetch GET 200 https://registry.npmjs.org/@babel/plugin-proposal-object-rest-spread/-/plugin-proposal-object-rest-spread-7.10.4.tgz 457ms
495 http fetch GET 200 https://registry.npmjs.org/@babel/plugin-syntax-class-properties/-/plugin-syntax-class-properties-7.10.4.tgz 675ms
496 http fetch GET 200 https://registry.npmjs.org/@babel/plugin-syntax-json-strings/-/plugin-syntax-json-strings-7.8.3.tgz 528ms
497 silly pacote range manifest for @babel/plugin-syntax-dynamic-import@^7.8.0 fetched in 1050ms
498 silly resolveWithNewModule @babel/plugin-syntax-dynamic-import@7.8.3 checking installable status
499 http fetch GET 200 https://registry.npmjs.org/@babel%2fplugin-proposal-nullish-coalescing-operator 4199ms
500 http fetch GET 200 https://registry.npmjs.org/@babel%2fplugin-syntax-nullish-coalescing-operator 745ms
501 silly pacote range manifest for @babel/plugin-proposal-object-rest-spread@^7.10.4 fetched in 4285ms
502 silly pacote range manifest for @babel/plugin-proposal-dynamic-import@^7.10.4 fetched in 4289ms
503 silly resolveWithNewModule @babel/plugin-proposal-object-rest-spread@7.10.4 checking installable status
504 silly resolveWithNewModule @babel/plugin-proposal-dynamic-import@7.10.4 checking installable status
505 http fetch GET 200 https://registry.npmjs.org/@babel/plugin-proposal-optional-catch-binding/-/plugin-proposal-optional-catch-binding-7.10.4.tgz 2134ms
506 silly pacote range manifest for @babel/plugin-syntax-json-strings@^7.8.0 fetched in 1197ms
507 silly resolveWithNewModule @babel/plugin-syntax-json-strings@7.8.3 checking installable status
508 silly pacote range manifest for @babel/plugin-syntax-class-properties@^7.10.4 fetched in 1491ms
509 silly resolveWithNewModule @babel/plugin-syntax-class-properties@7.10.4 checking installable status
510 http fetch GET 200 https://registry.npmjs.org/@babel/plugin-proposal-numeric-separator/-/plugin-proposal-numeric-separator-7.10.4.tgz 922ms
511 http fetch GET 200 https://registry.npmjs.org/@babel/plugin-proposal-nullish-coalescing-operator/-/plugin-proposal-nullish-coalescing-operator-7.10.4.tgz 373ms
512 silly pacote range manifest for @babel/plugin-proposal-optional-catch-binding@^7.10.4 fetched in 4635ms
513 silly resolveWithNewModule @babel/plugin-proposal-optional-catch-binding@7.10.4 checking installable status
514 silly pacote range manifest for @babel/plugin-proposal-numeric-separator@^7.10.4 fetched in 4730ms
515 silly resolveWithNewModule @babel/plugin-proposal-numeric-separator@7.10.4 checking installable status
516 http fetch GET 200 https://registry.npmjs.org/@babel%2fplugin-syntax-numeric-separator 659ms
517 silly pacote range manifest for @babel/plugin-proposal-nullish-coalescing-operator@^7.10.4 fetched in 4798ms
518 silly resolveWithNewModule @babel/plugin-proposal-nullish-coalescing-operator@7.10.4 checking installable status
519 http fetch GET 200 https://registry.npmjs.org/@babel/plugin-syntax-nullish-coalescing-operator/-/plugin-syntax-nullish-coalescing-operator-7.8.3.tgz 523ms
520 http fetch GET 200 https://registry.npmjs.org/@babel%2fplugin-syntax-object-rest-spread 530ms
521 silly pacote range manifest for @babel/plugin-syntax-nullish-coalescing-operator@^7.8.0 fetched in 1386ms
522 silly resolveWithNewModule @babel/plugin-syntax-nullish-coalescing-operator@7.8.3 checking installable status
523 http fetch GET 200 https://registry.npmjs.org/@babel%2fplugin-syntax-optional-catch-binding 1342ms
524 http fetch GET 200 https://registry.npmjs.org/@babel%2fplugin-syntax-optional-chaining 1262ms
525 http fetch GET 200 https://registry.npmjs.org/@babel/plugin-syntax-optional-catch-binding/-/plugin-syntax-optional-catch-binding-7.8.3.tgz 282ms
526 silly pacote range manifest for @babel/plugin-syntax-optional-catch-binding@^7.8.0 fetched in 1686ms
527 silly resolveWithNewModule @babel/plugin-syntax-optional-catch-binding@7.8.3 checking installable status
528 http fetch GET 200 https://registry.npmjs.org/@babel/plugin-syntax-object-rest-spread/-/plugin-syntax-object-rest-spread-7.8.3.tgz 1256ms
529 silly pacote range manifest for @babel/plugin-syntax-object-rest-spread@^7.8.0 fetched in 1936ms
530 silly resolveWithNewModule @babel/plugin-syntax-object-rest-spread@7.8.3 checking installable status
531 http fetch GET 200 https://registry.npmjs.org/@babel/plugin-syntax-optional-chaining/-/plugin-syntax-optional-chaining-7.8.3.tgz 569ms
532 http fetch GET 200 https://registry.npmjs.org/@babel/plugin-syntax-numeric-separator/-/plugin-syntax-numeric-separator-7.10.4.tgz 1611ms
533 silly pacote range manifest for @babel/plugin-syntax-optional-chaining@^7.8.0 fetched in 2025ms
534 silly resolveWithNewModule @babel/plugin-syntax-optional-chaining@7.8.3 checking installable status
535 http fetch GET 200 https://registry.npmjs.org/@babel%2fplugin-transform-block-scoped-functions 1849ms
536 http fetch GET 200 https://registry.npmjs.org/@babel%2fplugin-transform-classes 796ms
537 http fetch GET 200 https://registry.npmjs.org/@babel%2fplugin-transform-computed-properties 615ms
538 http fetch GET 200 https://registry.npmjs.org/@babel%2fplugin-transform-block-scoping 2036ms
539 silly pacote range manifest for @babel/plugin-syntax-numeric-separator@^7.10.4 fetched in 2843ms
540 silly resolveWithNewModule @babel/plugin-syntax-numeric-separator@7.10.4 checking installable status
541 http fetch GET 200 https://registry.npmjs.org/@babel%2fplugin-transform-arrow-functions 2462ms
542 http fetch GET 200 https://registry.npmjs.org/@babel%2fplugin-syntax-top-level-await 2641ms
543 http fetch GET 200 https://registry.npmjs.org/@babel%2fplugin-transform-async-to-generator 2474ms
544 http fetch GET 200 https://registry.npmjs.org/@babel%2fplugin-transform-destructuring 822ms
545 http fetch GET 200 https://registry.npmjs.org/@babel/plugin-transform-block-scoped-functions/-/plugin-transform-block-scoped-functions-7.10.4.tgz 537ms
546 http fetch GET 200 https://registry.npmjs.org/@babel/plugin-transform-computed-properties/-/plugin-transform-computed-properties-7.10.4.tgz 442ms
547 http fetch GET 200 https://registry.npmjs.org/@babel/plugin-transform-block-scoping/-/plugin-transform-block-scoping-7.10.5.tgz 409ms
548 http fetch GET 200 https://registry.npmjs.org/@babel%2fplugin-transform-dotall-regex 494ms
549 http fetch GET 200 https://registry.npmjs.org/@babel/plugin-transform-classes/-/plugin-transform-classes-7.10.4.tgz 628ms
550 silly pacote range manifest for @babel/plugin-transform-block-scoped-functions@^7.10.4 fetched in 2714ms
551 silly resolveWithNewModule @babel/plugin-transform-block-scoped-functions@7.10.4 checking installable status
552 silly pacote range manifest for @babel/plugin-transform-computed-properties@^7.10.4 fetched in 1368ms
553 silly resolveWithNewModule @babel/plugin-transform-computed-properties@7.10.4 checking installable status
554 silly pacote range manifest for @babel/plugin-transform-block-scoping@^7.10.4 fetched in 2749ms
555 silly resolveWithNewModule @babel/plugin-transform-block-scoping@7.10.5 checking installable status
556 silly pacote range manifest for @babel/plugin-transform-classes@^7.10.4 fetched in 1775ms
557 http fetch GET 200 https://registry.npmjs.org/@babel/plugin-syntax-top-level-await/-/plugin-syntax-top-level-await-7.10.4.tgz 616ms
558 silly resolveWithNewModule @babel/plugin-transform-classes@7.10.4 checking installable status
559 http fetch GET 200 https://registry.npmjs.org/@babel/plugin-transform-arrow-functions/-/plugin-transform-arrow-functions-7.10.4.tgz 691ms
560 http fetch GET 200 https://registry.npmjs.org/@babel/plugin-transform-async-to-generator/-/plugin-transform-async-to-generator-7.10.4.tgz 600ms
561 http fetch GET 200 https://registry.npmjs.org/@babel/plugin-transform-dotall-regex/-/plugin-transform-dotall-regex-7.10.4.tgz 441ms
562 http fetch GET 200 https://registry.npmjs.org/@babel%2fplugin-transform-duplicate-keys 531ms
563 http fetch GET 200 https://registry.npmjs.org/@babel/plugin-transform-destructuring/-/plugin-transform-destructuring-7.10.4.tgz 743ms
564 http fetch GET 200 https://registry.npmjs.org/@babel%2fplugin-transform-for-of 439ms
565 http fetch GET 200 https://registry.npmjs.org/@babel%2fplugin-transform-exponentiation-operator 521ms
566 silly pacote range manifest for @babel/plugin-transform-arrow-functions@^7.10.4 fetched in 3511ms
567 silly pacote range manifest for @babel/plugin-syntax-top-level-await@^7.10.4 fetched in 3665ms
568 silly resolveWithNewModule @babel/plugin-transform-arrow-functions@7.10.4 checking installable status
569 silly resolveWithNewModule @babel/plugin-syntax-top-level-await@7.10.4 checking installable status
570 silly pacote range manifest for @babel/plugin-transform-dotall-regex@^7.10.4 fetched in 1236ms
571 silly pacote range manifest for @babel/plugin-transform-async-to-generator@^7.10.4 fetched in 3456ms
572 silly resolveWithNewModule @babel/plugin-transform-dotall-regex@7.10.4 checking installable status
573 silly resolveWithNewModule @babel/plugin-transform-async-to-generator@7.10.4 checking installable status
574 http fetch GET 200 https://registry.npmjs.org/@babel%2fplugin-transform-function-name 551ms
575 silly pacote range manifest for @babel/plugin-transform-destructuring@^7.10.4 fetched in 2039ms
576 silly resolveWithNewModule @babel/plugin-transform-destructuring@7.10.4 checking installable status
577 http fetch GET 200 https://registry.npmjs.org/@babel%2fplugin-proposal-async-generator-functions 8620ms
578 http fetch GET 200 https://registry.npmjs.org/@babel%2fplugin-transform-member-expression-literals 473ms
579 http fetch GET 200 https://registry.npmjs.org/@babel%2fplugin-transform-modules-commonjs 474ms
580 http fetch GET 200 https://registry.npmjs.org/@babel/plugin-transform-duplicate-keys/-/plugin-transform-duplicate-keys-7.10.4.tgz 648ms
581 http fetch GET 200 https://registry.npmjs.org/@babel/plugin-transform-exponentiation-operator/-/plugin-transform-exponentiation-operator-7.10.4.tgz 582ms
582 http fetch GET 200 https://registry.npmjs.org/@babel%2fplugin-transform-modules-amd 559ms
583 silly pacote range manifest for @babel/plugin-transform-duplicate-keys@^7.10.4 fetched in 1348ms
584 silly resolveWithNewModule @babel/plugin-transform-duplicate-keys@7.10.4 checking installable status
585 silly pacote range manifest for @babel/plugin-transform-exponentiation-operator@^7.10.4 fetched in 1281ms
586 silly resolveWithNewModule @babel/plugin-transform-exponentiation-operator@7.10.4 checking installable status
587 http fetch GET 200 https://registry.npmjs.org/@babel/plugin-transform-function-name/-/plugin-transform-function-name-7.10.4.tgz 569ms
588 http fetch GET 200 https://registry.npmjs.org/@babel/plugin-transform-modules-commonjs/-/plugin-transform-modules-commonjs-7.10.4.tgz 366ms
589 http fetch GET 200 https://registry.npmjs.org/@babel/plugin-transform-member-expression-literals/-/plugin-transform-member-expression-literals-7.10.4.tgz 435ms
590 http fetch GET 200 https://registry.npmjs.org/@babel/plugin-transform-modules-amd/-/plugin-transform-modules-amd-7.10.5.tgz 351ms
591 silly pacote range manifest for @babel/plugin-transform-function-name@^7.10.4 fetched in 1362ms
592 silly resolveWithNewModule @babel/plugin-transform-function-name@7.10.4 checking installable status
593 http fetch GET 200 https://registry.npmjs.org/@babel/plugin-proposal-async-generator-functions/-/plugin-proposal-async-generator-functions-7.10.5.tgz 557ms
594 silly pacote range manifest for @babel/plugin-transform-modules-commonjs@^7.10.4 fetched in 1065ms
595 silly resolveWithNewModule @babel/plugin-transform-modules-commonjs@7.10.4 checking installable status
596 silly pacote range manifest for @babel/plugin-transform-modules-amd@^7.10.4 fetched in 1125ms
597 silly resolveWithNewModule @babel/plugin-transform-modules-amd@7.10.5 checking installable status
598 silly pacote range manifest for @babel/plugin-transform-member-expression-literals@^7.10.4 fetched in 1202ms
599 silly resolveWithNewModule @babel/plugin-transform-member-expression-literals@7.10.4 checking installable status
600 silly pacote range manifest for @babel/plugin-proposal-async-generator-functions@^7.10.4 fetched in 9423ms
601 silly resolveWithNewModule @babel/plugin-proposal-async-generator-functions@7.10.5 checking installable status
602 http fetch GET 200 https://registry.npmjs.org/@babel%2fplugin-transform-modules-umd 562ms
603 http fetch GET 200 https://registry.npmjs.org/@babel%2fplugin-transform-modules-systemjs 1019ms
604 http fetch GET 200 https://registry.npmjs.org/@babel%2fplugin-transform-named-capturing-groups-regex 631ms
605 http fetch GET 200 https://registry.npmjs.org/@babel%2fplugin-transform-new-target 458ms
606 http fetch GET 200 https://registry.npmjs.org/@babel%2fplugin-transform-object-super 370ms
607 http fetch GET 200 https://registry.npmjs.org/@babel/plugin-transform-new-target/-/plugin-transform-new-target-7.10.4.tgz 327ms
608 http fetch GET 200 https://registry.npmjs.org/@babel/plugin-transform-modules-umd/-/plugin-transform-modules-umd-7.10.4.tgz 599ms
609 http fetch GET 200 https://registry.npmjs.org/@babel/plugin-transform-object-super/-/plugin-transform-object-super-7.10.4.tgz 382ms
610 http fetch GET 200 https://registry.npmjs.org/@babel%2fplugin-transform-property-literals 766ms
611 http fetch GET 200 https://registry.npmjs.org/@babel%2fplugin-transform-regenerator 733ms
612 http fetch GET 200 https://registry.npmjs.org/@babel%2fplugin-transform-parameters 829ms
613 http fetch GET 200 https://registry.npmjs.org/@babel/plugin-transform-for-of/-/plugin-transform-for-of-7.10.4.tgz 2097ms
614 http fetch GET 200 https://registry.npmjs.org/@babel/plugin-transform-named-capturing-groups-regex/-/plugin-transform-named-capturing-groups-regex-7.10.4.tgz 672ms
615 http fetch GET 200 https://registry.npmjs.org/@babel/plugin-transform-modules-systemjs/-/plugin-transform-modules-systemjs-7.10.5.tgz 712ms
616 silly pacote range manifest for @babel/plugin-transform-new-target@^7.10.4 fetched in 1113ms
617 silly resolveWithNewModule @babel/plugin-transform-new-target@7.10.4 checking installable status
618 silly pacote range manifest for @babel/plugin-transform-modules-umd@^7.10.4 fetched in 1511ms
619 silly resolveWithNewModule @babel/plugin-transform-modules-umd@7.10.4 checking installable status
620 silly pacote range manifest for @babel/plugin-transform-object-super@^7.10.4 fetched in 1104ms
621 silly resolveWithNewModule @babel/plugin-transform-object-super@7.10.4 checking installable status
622 silly pacote range manifest for @babel/plugin-transform-for-of@^7.10.4 fetched in 2834ms
623 silly pacote range manifest for @babel/plugin-transform-named-capturing-groups-regex@^7.10.4 fetched in 1577ms
624 silly resolveWithNewModule @babel/plugin-transform-for-of@7.10.4 checking installable status
625 silly resolveWithNewModule @babel/plugin-transform-named-capturing-groups-regex@7.10.4 checking installable status
626 silly pacote range manifest for @babel/plugin-transform-modules-systemjs@^7.10.4 fetched in 2049ms
627 silly resolveWithNewModule @babel/plugin-transform-modules-systemjs@7.10.5 checking installable status
628 http fetch GET 200 https://registry.npmjs.org/@babel/plugin-transform-regenerator/-/plugin-transform-regenerator-7.10.4.tgz 400ms
629 http fetch GET 200 https://registry.npmjs.org/@babel%2fplugin-transform-reserved-words 379ms
630 http fetch GET 200 https://registry.npmjs.org/@babel/plugin-transform-property-literals/-/plugin-transform-property-literals-7.10.4.tgz 502ms
631 silly pacote range manifest for @babel/plugin-transform-regenerator@^7.10.4 fetched in 1303ms
632 silly resolveWithNewModule @babel/plugin-transform-regenerator@7.10.4 checking installable status
633 http fetch GET 200 https://registry.npmjs.org/@babel/plugin-transform-parameters/-/plugin-transform-parameters-7.10.5.tgz 593ms
634 silly pacote range manifest for @babel/plugin-transform-property-literals@^7.10.4 fetched in 1675ms
635 http fetch GET 200 https://registry.npmjs.org/@babel%2fplugin-transform-shorthand-properties 675ms
636 silly resolveWithNewModule @babel/plugin-transform-property-literals@7.10.4 checking installable status
637 silly pacote range manifest for @babel/plugin-transform-parameters@^7.10.4 fetched in 1812ms
638 http fetch GET 200 https://registry.npmjs.org/@babel%2fplugin-transform-typeof-symbol 606ms
639 silly resolveWithNewModule @babel/plugin-transform-parameters@7.10.5 checking installable status
640 http fetch GET 200 https://registry.npmjs.org/@babel%2fplugin-transform-sticky-regex 662ms
641 http fetch GET 200 https://registry.npmjs.org/@babel/plugin-transform-reserved-words/-/plugin-transform-reserved-words-7.10.4.tgz 533ms
642 http fetch GET 200 https://registry.npmjs.org/@babel%2fplugin-transform-template-literals 680ms
643 http fetch GET 200 https://registry.npmjs.org/@babel%2fplugin-transform-unicode-escapes 509ms
644 http fetch GET 200 https://registry.npmjs.org/@babel%2fplugin-transform-spread 889ms
645 silly pacote range manifest for @babel/plugin-transform-reserved-words@^7.10.4 fetched in 1150ms
646 silly resolveWithNewModule @babel/plugin-transform-reserved-words@7.10.4 checking installable status
647 http fetch GET 200 https://registry.npmjs.org/@babel%2fplugin-transform-literals 3313ms
648 http fetch GET 200 https://registry.npmjs.org/@babel%2fpreset-modules 397ms
649 http fetch GET 200 https://registry.npmjs.org/@babel/plugin-transform-typeof-symbol/-/plugin-transform-typeof-symbol-7.10.4.tgz 415ms
650 http fetch GET 200 https://registry.npmjs.org/@babel%2fplugin-transform-unicode-regex 618ms
651 http fetch GET 200 https://registry.npmjs.org/@babel/plugin-transform-spread/-/plugin-transform-spread-7.10.4.tgz 461ms
652 http fetch GET 200 https://registry.npmjs.org/@babel/plugin-transform-sticky-regex/-/plugin-transform-sticky-regex-7.10.4.tgz 618ms
653 http fetch GET 200 https://registry.npmjs.org/@babel/plugin-transform-shorthand-properties/-/plugin-transform-shorthand-properties-7.10.4.tgz 715ms
654 http fetch GET 200 https://registry.npmjs.org/@babel/plugin-transform-template-literals/-/plugin-transform-template-literals-7.10.5.tgz 699ms
655 http fetch GET 200 https://registry.npmjs.org/browserslist 483ms
656 http fetch GET 200 https://registry.npmjs.org/@babel/plugin-transform-unicode-escapes/-/plugin-transform-unicode-escapes-7.10.4.tgz 659ms
657 silly pacote range manifest for @babel/plugin-transform-typeof-symbol@^7.10.4 fetched in 1468ms
658 silly resolveWithNewModule @babel/plugin-transform-typeof-symbol@7.10.4 checking installable status
659 silly pacote range manifest for @babel/plugin-transform-spread@^7.10.4 fetched in 1749ms
660 silly pacote range manifest for @babel/plugin-transform-sticky-regex@^7.10.4 fetched in 1642ms
661 silly resolveWithNewModule @babel/plugin-transform-spread@7.10.4 checking installable status
662 silly resolveWithNewModule @babel/plugin-transform-sticky-regex@7.10.4 checking installable status
663 http fetch GET 200 https://registry.npmjs.org/@babel/preset-modules/-/preset-modules-0.1.3.tgz 602ms
664 silly pacote range manifest for @babel/plugin-transform-shorthand-properties@^7.10.4 fetched in 1863ms
665 silly resolveWithNewModule @babel/plugin-transform-shorthand-properties@7.10.4 checking installable status
666 http fetch GET 200 https://registry.npmjs.org/@babel/plugin-transform-literals/-/plugin-transform-literals-7.10.4.tgz 786ms
667 silly pacote range manifest for @babel/plugin-transform-template-literals@^7.10.4 fetched in 1795ms
668 silly resolveWithNewModule @babel/plugin-transform-template-literals@7.10.5 checking installable status
669 silly pacote range manifest for @babel/plugin-transform-unicode-escapes@^7.10.4 fetched in 1611ms
670 silly resolveWithNewModule @babel/plugin-transform-unicode-escapes@7.10.4 checking installable status
671 silly pacote range manifest for semver@^5.5.0 fetched in 128ms
672 silly resolveWithNewModule semver@5.7.1 checking installable status
673 http fetch GET 200 https://registry.npmjs.org/@babel/plugin-transform-unicode-regex/-/plugin-transform-unicode-regex-7.10.4.tgz 685ms
674 silly pacote range manifest for @babel/preset-modules@^0.1.3 fetched in 1291ms
675 silly resolveWithNewModule @babel/preset-modules@0.1.3 checking installable status
676 http fetch GET 200 https://registry.npmjs.org/browserslist/-/browserslist-4.13.0.tgz 545ms
677 silly pacote range manifest for @babel/plugin-transform-literals@^7.10.4 fetched in 4343ms
678 silly resolveWithNewModule @babel/plugin-transform-literals@7.10.4 checking installable status
679 http fetch GET 200 https://registry.npmjs.org/invariant 374ms
680 silly pacote range manifest for @babel/plugin-transform-unicode-regex@^7.10.4 fetched in 1480ms
681 silly resolveWithNewModule @babel/plugin-transform-unicode-regex@7.10.4 checking installable status
682 silly pacote range manifest for browserslist@^4.12.0 fetched in 1186ms
683 silly resolveWithNewModule browserslist@4.13.0 checking installable status
684 http fetch GET 200 https://registry.npmjs.org/levenary 540ms
685 http fetch GET 200 https://registry.npmjs.org/invariant/-/invariant-2.2.4.tgz 350ms
686 silly pacote range manifest for invariant@^2.2.2 fetched in 796ms
687 silly resolveWithNewModule invariant@2.2.4 checking installable status
688 http fetch GET 200 https://registry.npmjs.org/levenary/-/levenary-1.1.1.tgz 403ms
689 http fetch GET 200 https://registry.npmjs.org/core-js-compat 1144ms
690 silly pacote range manifest for levenary@^1.1.1 fetched in 1077ms
691 silly resolveWithNewModule levenary@1.1.1 checking installable status
692 http fetch GET 200 https://registry.npmjs.org/core-js-compat/-/core-js-compat-3.6.5.tgz 186ms
693 silly pacote range manifest for core-js-compat@^3.6.2 fetched in 1422ms
694 silly resolveWithNewModule core-js-compat@3.6.5 checking installable status
695 silly pacote range manifest for semver@^5.5.0 fetched in 15ms
696 silly resolveWithNewModule semver@5.7.1 checking installable status
697 http fetch GET 200 https://registry.npmjs.org/escalade 450ms
698 http fetch GET 200 https://registry.npmjs.org/escalade/-/escalade-3.0.2.tgz 201ms
699 silly pacote range manifest for escalade@^3.0.1 fetched in 758ms
700 silly resolveWithNewModule escalade@3.0.2 checking installable status
701 http fetch GET 200 https://registry.npmjs.org/node-releases 1121ms
702 http fetch GET 200 https://registry.npmjs.org/caniuse-lite 1316ms
703 http fetch GET 200 https://registry.npmjs.org/node-releases/-/node-releases-1.1.59.tgz 459ms
704 silly pacote range manifest for node-releases@^1.1.58 fetched in 1696ms
705 silly resolveWithNewModule node-releases@1.1.59 checking installable status
706 http fetch GET 200 https://registry.npmjs.org/electron-to-chromium 2233ms
707 http fetch GET 200 https://registry.npmjs.org/caniuse-lite/-/caniuse-lite-1.0.30001104.tgz 1247ms
708 silly pacote range manifest for caniuse-lite@^1.0.30001093 fetched in 2647ms
709 silly resolveWithNewModule caniuse-lite@1.0.30001104 checking installable status
710 http fetch GET 200 https://registry.npmjs.org/electron-to-chromium/-/electron-to-chromium-1.3.502.tgz 730ms
711 silly pacote range manifest for electron-to-chromium@^1.3.488 fetched in 3125ms
712 silly resolveWithNewModule electron-to-chromium@1.3.502 checking installable status
713 silly pacote range manifest for semver@^5.5.0 fetched in 13ms
714 silly resolveWithNewModule semver@5.7.1 checking installable status
715 http fetch GET 200 https://registry.npmjs.org/leven 314ms
716 http fetch GET 200 https://registry.npmjs.org/leven/-/leven-3.1.0.tgz 134ms
717 silly pacote range manifest for leven@^3.1.0 fetched in 506ms
718 silly resolveWithNewModule leven@3.1.0 checking installable status
719 http fetch GET 200 https://registry.npmjs.org/@babel%2fhelper-remap-async-to-generator 332ms
720 http fetch GET 200 https://registry.npmjs.org/@babel/helper-remap-async-to-generator/-/helper-remap-async-to-generator-7.10.4.tgz 142ms
721 silly pacote range manifest for @babel/helper-remap-async-to-generator@^7.10.4 fetched in 572ms
722 silly resolveWithNewModule @babel/helper-remap-async-to-generator@7.10.4 checking installable status
723 http fetch GET 200 https://registry.npmjs.org/@babel%2fhelper-wrap-function 249ms
724 http fetch GET 200 https://registry.npmjs.org/@babel%2fhelper-annotate-as-pure 302ms
725 http fetch GET 200 https://registry.npmjs.org/@babel/helper-wrap-function/-/helper-wrap-function-7.10.4.tgz 362ms
726 http fetch GET 200 https://registry.npmjs.org/@babel/helper-annotate-as-pure/-/helper-annotate-as-pure-7.10.4.tgz 384ms
727 silly pacote range manifest for @babel/helper-wrap-function@^7.10.4 fetched in 728ms
728 silly resolveWithNewModule @babel/helper-wrap-function@7.10.4 checking installable status
729 silly pacote range manifest for @babel/helper-annotate-as-pure@^7.10.4 fetched in 762ms
730 silly resolveWithNewModule @babel/helper-annotate-as-pure@7.10.4 checking installable status
731 http fetch GET 200 https://registry.npmjs.org/@babel%2fhelper-create-class-features-plugin 1661ms
732 http fetch GET 200 https://registry.npmjs.org/@babel/helper-create-class-features-plugin/-/helper-create-class-features-plugin-7.10.5.tgz 380ms
733 silly pacote range manifest for @babel/helper-create-class-features-plugin@^7.10.4 fetched in 2109ms
734 silly resolveWithNewModule @babel/helper-create-class-features-plugin@7.10.5 checking installable status
735 http fetch GET 200 https://registry.npmjs.org/@babel%2fhelper-create-regexp-features-plugin 333ms
736 http fetch GET 200 https://registry.npmjs.org/@babel/helper-create-regexp-features-plugin/-/helper-create-regexp-features-plugin-7.10.4.tgz 143ms
737 silly pacote range manifest for @babel/helper-create-regexp-features-plugin@^7.10.4 fetched in 563ms
738 silly resolveWithNewModule @babel/helper-create-regexp-features-plugin@7.10.4 checking installable status
739 http fetch GET 200 https://registry.npmjs.org/regexpu-core 129ms
740 http fetch GET 200 https://registry.npmjs.org/regexpu-core/-/regexpu-core-4.7.0.tgz 125ms
741 silly pacote range manifest for regexpu-core@^4.7.0 fetched in 318ms
742 silly resolveWithNewModule regexpu-core@4.7.0 checking installable status
743 http fetch GET 200 https://registry.npmjs.org/@babel%2fhelper-regex 512ms
744 http fetch GET 200 https://registry.npmjs.org/@babel/helper-regex/-/helper-regex-7.10.5.tgz 285ms
745 silly pacote range manifest for @babel/helper-regex@^7.10.4 fetched in 869ms
746 silly resolveWithNewModule @babel/helper-regex@7.10.5 checking installable status
747 http fetch GET 200 https://registry.npmjs.org/unicode-match-property-ecmascript 209ms
748 http fetch GET 200 https://registry.npmjs.org/regenerate 505ms
749 http fetch GET 200 https://registry.npmjs.org/unicode-match-property-value-ecmascript 500ms
750 http fetch GET 200 https://registry.npmjs.org/regjsgen 514ms
751 http fetch GET 200 https://registry.npmjs.org/regenerate-unicode-properties 590ms
752 http fetch GET 200 https://registry.npmjs.org/unicode-match-property-ecmascript/-/unicode-match-property-ecmascript-1.0.4.tgz 379ms
753 http fetch GET 200 https://registry.npmjs.org/regjsparser 601ms
754 silly pacote range manifest for unicode-match-property-ecmascript@^1.0.4 fetched in 695ms
755 silly resolveWithNewModule unicode-match-property-ecmascript@1.0.4 checking installable status
756 http fetch GET 200 https://registry.npmjs.org/regenerate/-/regenerate-1.4.1.tgz 363ms
757 http fetch GET 200 https://registry.npmjs.org/unicode-match-property-value-ecmascript/-/unicode-match-property-value-ecmascript-1.2.0.tgz 526ms
758 http fetch GET 200 https://registry.npmjs.org/regjsparser/-/regjsparser-0.6.4.tgz 454ms
759 silly pacote range manifest for regenerate@^1.4.0 fetched in 1105ms
760 http fetch GET 200 https://registry.npmjs.org/regjsgen/-/regjsgen-0.5.2.tgz 574ms
761 silly resolveWithNewModule regenerate@1.4.1 checking installable status
762 http fetch GET 200 https://registry.npmjs.org/regenerate-unicode-properties/-/regenerate-unicode-properties-8.2.0.tgz 500ms
763 silly pacote range manifest for regjsparser@^0.6.4 fetched in 1262ms
764 silly resolveWithNewModule regjsparser@0.6.4 checking installable status
765 silly pacote range manifest for regjsgen@^0.5.1 fetched in 1265ms
766 silly resolveWithNewModule regjsgen@0.5.2 checking installable status
767 silly pacote range manifest for regenerate-unicode-properties@^8.2.0 fetched in 1288ms
768 silly resolveWithNewModule regenerate-unicode-properties@8.2.0 checking installable status
769 silly pacote range manifest for unicode-match-property-value-ecmascript@^1.2.0 fetched in 1335ms
770 silly resolveWithNewModule unicode-match-property-value-ecmascript@1.2.0 checking installable status
771 http fetch GET 200 https://registry.npmjs.org/jsesc/-/jsesc-0.5.0.tgz 767ms
772 silly pacote range manifest for jsesc@~0.5.0 fetched in 833ms
773 silly resolveWithNewModule jsesc@0.5.0 checking installable status
774 http fetch GET 200 https://registry.npmjs.org/unicode-canonical-property-names-ecmascript 411ms
775 http fetch GET 200 https://registry.npmjs.org/unicode-property-aliases-ecmascript 438ms
776 http fetch GET 200 https://registry.npmjs.org/unicode-property-aliases-ecmascript/-/unicode-property-aliases-ecmascript-1.1.0.tgz 166ms
777 silly pacote range manifest for unicode-property-aliases-ecmascript@^1.0.4 fetched in 680ms
778 silly resolveWithNewModule unicode-property-aliases-ecmascript@1.1.0 checking installable status
779 http fetch GET 200 https://registry.npmjs.org/unicode-canonical-property-names-ecmascript/-/unicode-canonical-property-names-ecmascript-1.0.4.tgz 368ms
780 silly pacote range manifest for unicode-canonical-property-names-ecmascript@^1.0.4 fetched in 848ms
781 silly resolveWithNewModule unicode-canonical-property-names-ecmascript@1.0.4 checking installable status
782 http fetch GET 200 https://registry.npmjs.org/@babel%2fhelper-define-map 214ms
783 http fetch GET 200 https://registry.npmjs.org/@babel/helper-define-map/-/helper-define-map-7.10.5.tgz 295ms
784 silly pacote range manifest for @babel/helper-define-map@^7.10.4 fetched in 585ms
785 silly resolveWithNewModule @babel/helper-define-map@7.10.5 checking installable status
786 http fetch GET 200 https://registry.npmjs.org/@babel%2fhelper-builder-binary-assignment-operator-visitor 320ms
787 http fetch GET 200 https://registry.npmjs.org/@babel/helper-builder-binary-assignment-operator-visitor/-/helper-builder-binary-assignment-operator-visitor-7.10.4.tgz 338ms
788 silly pacote range manifest for @babel/helper-builder-binary-assignment-operator-visitor@^7.10.4 fetched in 732ms
789 silly resolveWithNewModule @babel/helper-builder-binary-assignment-operator-visitor@7.10.4 checking installable status
790 http fetch GET 200 https://registry.npmjs.org/@babel%2fhelper-explode-assignable-expression 470ms
791 http fetch GET 200 https://registry.npmjs.org/@babel/helper-explode-assignable-expression/-/helper-explode-assignable-expression-7.10.4.tgz 353ms
792 silly pacote range manifest for @babel/helper-explode-assignable-expression@^7.10.4 fetched in 901ms
793 silly resolveWithNewModule @babel/helper-explode-assignable-expression@7.10.4 checking installable status
794 http fetch GET 200 https://registry.npmjs.org/babel-plugin-dynamic-import-node 310ms
795 http fetch GET 200 https://registry.npmjs.org/babel-plugin-dynamic-import-node/-/babel-plugin-dynamic-import-node-2.3.3.tgz 318ms
796 silly pacote range manifest for babel-plugin-dynamic-import-node@^2.3.3 fetched in 690ms
797 silly resolveWithNewModule babel-plugin-dynamic-import-node@2.3.3 checking installable status
798 http fetch GET 200 https://registry.npmjs.org/object.assign 162ms
799 http fetch GET 200 https://registry.npmjs.org/object.assign/-/object.assign-4.1.0.tgz 2171ms
800 silly pacote range manifest for object.assign@^4.1.0 fetched in 2430ms
801 silly resolveWithNewModule object.assign@4.1.0 checking installable status
802 http fetch GET 200 https://registry.npmjs.org/define-properties 323ms
803 http fetch GET 200 https://registry.npmjs.org/function-bind 357ms
804 http fetch GET 200 https://registry.npmjs.org/has-symbols 373ms
805 http fetch GET 200 https://registry.npmjs.org/object-keys 389ms
806 http fetch GET 200 https://registry.npmjs.org/define-properties/-/define-properties-1.1.3.tgz 518ms
807 http fetch GET 200 https://registry.npmjs.org/has-symbols/-/has-symbols-1.0.1.tgz 611ms
808 http fetch GET 200 https://registry.npmjs.org/function-bind/-/function-bind-1.1.1.tgz 690ms
809 http fetch GET 200 https://registry.npmjs.org/object-keys/-/object-keys-1.1.1.tgz 796ms
810 silly pacote range manifest for define-properties@^1.1.2 fetched in 1255ms
811 silly resolveWithNewModule define-properties@1.1.3 checking installable status
812 silly pacote range manifest for function-bind@^1.1.1 fetched in 1317ms
813 silly resolveWithNewModule function-bind@1.1.1 checking installable status
814 silly pacote range manifest for has-symbols@^1.0.0 fetched in 1323ms
815 silly resolveWithNewModule has-symbols@1.0.1 checking installable status
816 silly pacote range manifest for object-keys@^1.0.11 fetched in 1430ms
817 silly resolveWithNewModule object-keys@1.1.1 checking installable status
818 http fetch GET 200 https://registry.npmjs.org/@babel%2fhelper-hoist-variables 4042ms
819 http fetch GET 200 https://registry.npmjs.org/@babel/helper-hoist-variables/-/helper-hoist-variables-7.10.4.tgz 361ms
820 silly pacote range manifest for @babel/helper-hoist-variables@^7.10.4 fetched in 4446ms
821 silly resolveWithNewModule @babel/helper-hoist-variables@7.10.4 checking installable status
822 http fetch GET 200 https://registry.npmjs.org/regenerator-transform 103ms
823 http fetch GET 200 https://registry.npmjs.org/regenerator-transform/-/regenerator-transform-0.14.5.tgz 231ms
824 silly pacote range manifest for regenerator-transform@^0.14.2 fetched in 369ms
825 silly resolveWithNewModule regenerator-transform@0.14.5 checking installable status
826 http fetch GET 200 https://registry.npmjs.org/@babel%2fruntime 169ms
827 http fetch GET 200 https://registry.npmjs.org/@babel/runtime/-/runtime-7.10.5.tgz 386ms
828 silly pacote range manifest for @babel/runtime@^7.8.4 fetched in 601ms
829 silly resolveWithNewModule @babel/runtime@7.10.5 checking installable status
830 http fetch GET 200 https://registry.npmjs.org/regenerator-runtime 499ms
831 http fetch GET 200 https://registry.npmjs.org/regenerator-runtime/-/regenerator-runtime-0.13.5.tgz 467ms
832 silly pacote range manifest for regenerator-runtime@^0.13.4 fetched in 1003ms
833 silly resolveWithNewModule regenerator-runtime@0.13.5 checking installable status
834 http fetch GET 200 https://registry.npmjs.org/esutils 358ms
835 http fetch GET 200 https://registry.npmjs.org/esutils/-/esutils-2.0.3.tgz 539ms
836 silly pacote range manifest for esutils@^2.0.2 fetched in 938ms
837 silly resolveWithNewModule esutils@2.0.3 checking installable status
838 http fetch GET 200 https://registry.npmjs.org/semver/-/semver-7.0.0.tgz 532ms
839 silly pacote version manifest for semver@7.0.0 fetched in 574ms
840 silly resolveWithNewModule semver@7.0.0 checking installable status
841 http fetch GET 200 https://registry.npmjs.org/@babel%2fplugin-transform-react-jsx 390ms
842 http fetch GET 200 https://registry.npmjs.org/@babel%2fplugin-transform-react-jsx-self 420ms
843 http fetch GET 200 https://registry.npmjs.org/@babel%2fplugin-transform-react-pure-annotations 478ms
844 http fetch GET 200 https://registry.npmjs.org/@babel%2fplugin-transform-react-display-name 613ms
845 http fetch GET 200 https://registry.npmjs.org/@babel/plugin-transform-react-jsx-self/-/plugin-transform-react-jsx-self-7.10.4.tgz 452ms
846 http fetch GET 200 https://registry.npmjs.org/@babel/plugin-transform-react-jsx/-/plugin-transform-react-jsx-7.10.4.tgz 487ms
847 http fetch GET 200 https://registry.npmjs.org/@babel/plugin-transform-react-display-name/-/plugin-transform-react-display-name-7.10.4.tgz 286ms
848 http fetch GET 200 https://registry.npmjs.org/@babel/plugin-transform-react-pure-annotations/-/plugin-transform-react-pure-annotations-7.10.4.tgz 429ms
849 http fetch GET 200 https://registry.npmjs.org/@babel%2fplugin-transform-react-jsx-development 959ms
850 silly pacote range manifest for @babel/plugin-transform-react-jsx-self@^7.10.4 fetched in 1062ms
851 silly resolveWithNewModule @babel/plugin-transform-react-jsx-self@7.10.4 checking installable status
852 silly pacote range manifest for @babel/plugin-transform-react-jsx@^7.10.4 fetched in 1128ms
853 silly pacote range manifest for @babel/plugin-transform-react-pure-annotations@^7.10.4 fetched in 1110ms
854 silly resolveWithNewModule @babel/plugin-transform-react-jsx@7.10.4 checking installable status
855 silly resolveWithNewModule @babel/plugin-transform-react-pure-annotations@7.10.4 checking installable status
856 silly pacote range manifest for @babel/plugin-transform-react-display-name@^7.10.4 fetched in 1134ms
857 silly resolveWithNewModule @babel/plugin-transform-react-display-name@7.10.4 checking installable status
858 http fetch GET 200 https://registry.npmjs.org/@babel/plugin-transform-react-jsx-development/-/plugin-transform-react-jsx-development-7.10.4.tgz 235ms
859 silly pacote range manifest for @babel/plugin-transform-react-jsx-development@^7.10.4 fetched in 1291ms
860 silly resolveWithNewModule @babel/plugin-transform-react-jsx-development@7.10.4 checking installable status
861 http fetch GET 200 https://registry.npmjs.org/@babel%2fplugin-transform-react-jsx-source 12695ms
862 silly fetchPackageMetaData error for @babel/plugin-transform-react-jsx-source@^7.10.4 Unexpected end of JSON input while parsing near '...W5c\nEbYNAtsRIIIcGMBN'
863 timing stage:rollbackFailedOptional Completed in 1ms
864 timing stage:runTopLevelLifecycles Completed in 82993ms
865 silly saveTree frontend@0.1.0
865 silly saveTree +-- cra-template-typescript@1.0.3
865 silly saveTree +-- react-dom@16.13.1
865 silly saveTree | +-- loose-envify@1.4.0
865 silly saveTree | | `-- js-tokens@4.0.0
865 silly saveTree | +-- object-assign@4.1.1
865 silly saveTree | +-- prop-types@15.7.2
865 silly saveTree | | `-- react-is@16.13.1
865 silly saveTree | `-- scheduler@0.19.1
865 silly saveTree +-- react-scripts@3.4.1
865 silly saveTree | +-- @babel/core@7.9.0
865 silly saveTree | | +-- @babel/code-frame@7.10.4
865 silly saveTree | | | `-- @babel/highlight@7.10.4
865 silly saveTree | | |   +-- @babel/helper-validator-identifier@7.10.4
865 silly saveTree | | |   `-- chalk@2.4.2
865 silly saveTree | | |     +-- ansi-styles@3.2.1
865 silly saveTree | | |     | `-- color-convert@1.9.3
865 silly saveTree | | |     |   `-- color-name@1.1.3
865 silly saveTree | | |     +-- escape-string-regexp@1.0.5
865 silly saveTree | | |     `-- supports-color@5.5.0
865 silly saveTree | | |       `-- has-flag@3.0.0
865 silly saveTree | | +-- @babel/generator@7.10.5
865 silly saveTree | | | +-- @babel/types@7.10.5
865 silly saveTree | | | | +-- lodash@4.17.19
865 silly saveTree | | | | `-- to-fast-properties@2.0.0
865 silly saveTree | | | +-- jsesc@2.5.2
865 silly saveTree | | | `-- source-map@0.5.7
865 silly saveTree | | +-- @babel/helper-module-transforms@7.10.5
865 silly saveTree | | | +-- @babel/helper-module-imports@7.10.4
865 silly saveTree | | | +-- @babel/helper-replace-supers@7.10.4
865 silly saveTree | | | | +-- @babel/helper-member-expression-to-functions@7.10.5
865 silly saveTree | | | | +-- @babel/helper-optimise-call-expression@7.10.4
865 silly saveTree | | | | `-- @babel/traverse@7.10.5
865 silly saveTree | | | |   +-- @babel/helper-function-name@7.10.4
865 silly saveTree | | | |   | +-- @babel/helper-get-function-arity@7.10.4
865 silly saveTree | | | |   | `-- @babel/template@7.10.4
865 silly saveTree | | | |   |   `-- @babel/parser@7.10.5
865 silly saveTree | | | |   +-- @babel/helper-split-export-declaration@7.10.4
865 silly saveTree | | | |   +-- @babel/parser@7.10.5
865 silly saveTree | | | |   +-- debug@4.1.1
865 silly saveTree | | | |   | `-- ms@2.1.2
865 silly saveTree | | | |   `-- globals@11.12.0
865 silly saveTree | | | +-- @babel/helper-simple-access@7.10.4
865 silly saveTree | | | +-- @babel/helper-split-export-declaration@7.10.4
865 silly saveTree | | | `-- @babel/template@7.10.4
865 silly saveTree | | +-- @babel/helpers@7.10.4
865 silly saveTree | | +-- @babel/parser@7.10.5
865 silly saveTree | | +-- @babel/template@7.10.4
865 silly saveTree | | +-- @babel/traverse@7.10.5
865 silly saveTree | | +-- @babel/types@7.10.5
865 silly saveTree | | +-- convert-source-map@1.7.0
865 silly saveTree | | | `-- safe-buffer@5.1.2
865 silly saveTree | | +-- debug@4.1.1
865 silly saveTree | | +-- gensync@1.0.0-beta.1
865 silly saveTree | | +-- json5@2.1.3
865 silly saveTree | | | `-- minimist@1.2.5
865 silly saveTree | | +-- lodash@4.17.19
865 silly saveTree | | +-- resolve@1.15.0
865 silly saveTree | | | `-- path-parse@1.0.6
865 silly saveTree | | +-- semver@5.7.1
865 silly saveTree | | `-- source-map@0.5.7
865 silly saveTree | +-- @svgr/webpack@4.3.3
865 silly saveTree | | +-- @babel/plugin-transform-react-constant-elements@7.10.4
865 silly saveTree | | | `-- @babel/helper-plugin-utils@7.10.4
865 silly saveTree | | +-- @babel/preset-env@7.10.4
865 silly saveTree | | | +-- @babel/compat-data@7.10.5
865 silly saveTree | | | | +-- browserslist@4.13.0
865 silly saveTree | | | | | +-- caniuse-lite@1.0.30001104
865 silly saveTree | | | | | +-- electron-to-chromium@1.3.502
865 silly saveTree | | | | | +-- escalade@3.0.2
865 silly saveTree | | | | | `-- node-releases@1.1.59
865 silly saveTree | | | | +-- invariant@2.2.4
865 silly saveTree | | | | `-- semver@5.7.1
865 silly saveTree | | | +-- @babel/helper-compilation-targets@7.10.4
865 silly saveTree | | | | +-- levenary@1.1.1
865 silly saveTree | | | | | `-- leven@3.1.0
865 silly saveTree | | | | `-- semver@5.7.1
865 silly saveTree | | | +-- @babel/plugin-proposal-async-generator-functions@7.10.5
865 silly saveTree | | | | +-- @babel/helper-remap-async-to-generator@7.10.4
865 silly saveTree | | | | | +-- @babel/helper-annotate-as-pure@7.10.4
865 silly saveTree | | | | | `-- @babel/helper-wrap-function@7.10.4
865 silly saveTree | | | | `-- @babel/plugin-syntax-async-generators@7.8.4
865 silly saveTree | | | +-- @babel/plugin-proposal-class-properties@7.10.4
865 silly saveTree | | | | `-- @babel/helper-create-class-features-plugin@7.10.5
865 silly saveTree | | | +-- @babel/plugin-proposal-dynamic-import@7.10.4
865 silly saveTree | | | | `-- @babel/plugin-syntax-dynamic-import@7.8.3
865 silly saveTree | | | +-- @babel/plugin-proposal-json-strings@7.10.4
865 silly saveTree | | | | `-- @babel/plugin-syntax-json-strings@7.8.3
865 silly saveTree | | | +-- @babel/plugin-proposal-nullish-coalescing-operator@7.10.4
865 silly saveTree | | | | `-- @babel/plugin-syntax-nullish-coalescing-operator@7.8.3
865 silly saveTree | | | +-- @babel/plugin-proposal-numeric-separator@7.10.4
865 silly saveTree | | | | `-- @babel/plugin-syntax-numeric-separator@7.10.4
865 silly saveTree | | | +-- @babel/plugin-proposal-object-rest-spread@7.10.4
865 silly saveTree | | | | +-- @babel/plugin-syntax-object-rest-spread@7.8.3
865 silly saveTree | | | | `-- @babel/plugin-transform-parameters@7.10.5
865 silly saveTree | | | +-- @babel/plugin-proposal-optional-catch-binding@7.10.4
865 silly saveTree | | | | `-- @babel/plugin-syntax-optional-catch-binding@7.8.3
865 silly saveTree | | | +-- @babel/plugin-proposal-optional-chaining@7.10.4
865 silly saveTree | | | | `-- @babel/plugin-syntax-optional-chaining@7.8.3
865 silly saveTree | | | +-- @babel/plugin-proposal-private-methods@7.10.4
865 silly saveTree | | | +-- @babel/plugin-proposal-unicode-property-regex@7.10.4
865 silly saveTree | | | | `-- @babel/helper-create-regexp-features-plugin@7.10.4
865 silly saveTree | | | |   +-- @babel/helper-regex@7.10.5
865 silly saveTree | | | |   `-- regexpu-core@4.7.0
865 silly saveTree | | | |     +-- regenerate-unicode-properties@8.2.0
865 silly saveTree | | | |     | `-- regenerate@1.4.1
865 silly saveTree | | | |     +-- regenerate@1.4.1
865 silly saveTree | | | |     +-- regjsgen@0.5.2
865 silly saveTree | | | |     +-- regjsparser@0.6.4
865 silly saveTree | | | |     | `-- jsesc@0.5.0
865 silly saveTree | | | |     +-- unicode-match-property-ecmascript@1.0.4
865 silly saveTree | | | |     | +-- unicode-canonical-property-names-ecmascript@1.0.4
865 silly saveTree | | | |     | `-- unicode-property-aliases-ecmascript@1.1.0
865 silly saveTree | | | |     `-- unicode-match-property-value-ecmascript@1.2.0
865 silly saveTree | | | +-- @babel/plugin-syntax-async-generators@7.8.4
865 silly saveTree | | | +-- @babel/plugin-syntax-class-properties@7.10.4
865 silly saveTree | | | +-- @babel/plugin-syntax-dynamic-import@7.8.3
865 silly saveTree | | | +-- @babel/plugin-syntax-json-strings@7.8.3
865 silly saveTree | | | +-- @babel/plugin-syntax-nullish-coalescing-operator@7.8.3
865 silly saveTree | | | +-- @babel/plugin-syntax-numeric-separator@7.10.4
865 silly saveTree | | | +-- @babel/plugin-syntax-object-rest-spread@7.8.3
865 silly saveTree | | | +-- @babel/plugin-syntax-optional-catch-binding@7.8.3
865 silly saveTree | | | +-- @babel/plugin-syntax-optional-chaining@7.8.3
865 silly saveTree | | | +-- @babel/plugin-syntax-top-level-await@7.10.4
865 silly saveTree | | | +-- @babel/plugin-transform-arrow-functions@7.10.4
865 silly saveTree | | | +-- @babel/plugin-transform-async-to-generator@7.10.4
865 silly saveTree | | | +-- @babel/plugin-transform-block-scoped-functions@7.10.4
865 silly saveTree | | | +-- @babel/plugin-transform-block-scoping@7.10.5
865 silly saveTree | | | +-- @babel/plugin-transform-classes@7.10.4
865 silly saveTree | | | | `-- @babel/helper-define-map@7.10.5
865 silly saveTree | | | +-- @babel/plugin-transform-computed-properties@7.10.4
865 silly saveTree | | | +-- @babel/plugin-transform-destructuring@7.10.4
865 silly saveTree | | | +-- @babel/plugin-transform-dotall-regex@7.10.4
865 silly saveTree | | | +-- @babel/plugin-transform-duplicate-keys@7.10.4
865 silly saveTree | | | +-- @babel/plugin-transform-exponentiation-operator@7.10.4
865 silly saveTree | | | | `-- @babel/helper-builder-binary-assignment-operator-visitor@7.10.4
865 silly saveTree | | | |   `-- @babel/helper-explode-assignable-expression@7.10.4
865 silly saveTree | | | +-- @babel/plugin-transform-for-of@7.10.4
865 silly saveTree | | | +-- @babel/plugin-transform-function-name@7.10.4
865 silly saveTree | | | +-- @babel/plugin-transform-literals@7.10.4
865 silly saveTree | | | +-- @babel/plugin-transform-member-expression-literals@7.10.4
865 silly saveTree | | | +-- @babel/plugin-transform-modules-amd@7.10.5
865 silly saveTree | | | | `-- babel-plugin-dynamic-import-node@2.3.3
865 silly saveTree | | | |   `-- object.assign@4.1.0
865 silly saveTree | | | |     +-- define-properties@1.1.3
865 silly saveTree | | | |     | `-- object-keys@1.1.1
865 silly saveTree | | | |     +-- function-bind@1.1.1
865 silly saveTree | | | |     +-- has-symbols@1.0.1
865 silly saveTree | | | |     `-- object-keys@1.1.1
865 silly saveTree | | | +-- @babel/plugin-transform-modules-commonjs@7.10.4
865 silly saveTree | | | +-- @babel/plugin-transform-modules-systemjs@7.10.5
865 silly saveTree | | | | `-- @babel/helper-hoist-variables@7.10.4
865 silly saveTree | | | +-- @babel/plugin-transform-modules-umd@7.10.4
865 silly saveTree | | | +-- @babel/plugin-transform-named-capturing-groups-regex@7.10.4
865 silly saveTree | | | +-- @babel/plugin-transform-new-target@7.10.4
865 silly saveTree | | | +-- @babel/plugin-transform-object-super@7.10.4
865 silly saveTree | | | +-- @babel/plugin-transform-parameters@7.10.5
865 silly saveTree | | | +-- @babel/plugin-transform-property-literals@7.10.4
865 silly saveTree | | | +-- @babel/plugin-transform-regenerator@7.10.4
865 silly saveTree | | | | `-- regenerator-transform@0.14.5
865 silly saveTree | | | |   `-- @babel/runtime@7.10.5
865 silly saveTree | | | |     `-- regenerator-runtime@0.13.5
865 silly saveTree | | | +-- @babel/plugin-transform-reserved-words@7.10.4
865 silly saveTree | | | +-- @babel/plugin-transform-shorthand-properties@7.10.4
865 silly saveTree | | | +-- @babel/plugin-transform-spread@7.10.4
865 silly saveTree | | | +-- @babel/plugin-transform-sticky-regex@7.10.4
865 silly saveTree | | | +-- @babel/plugin-transform-template-literals@7.10.5
865 silly saveTree | | | +-- @babel/plugin-transform-typeof-symbol@7.10.4
865 silly saveTree | | | +-- @babel/plugin-transform-unicode-escapes@7.10.4
865 silly saveTree | | | +-- @babel/plugin-transform-unicode-regex@7.10.4
865 silly saveTree | | | +-- @babel/preset-modules@0.1.3
865 silly saveTree | | | | `-- esutils@2.0.3
865 silly saveTree | | | +-- browserslist@4.13.0
865 silly saveTree | | | +-- core-js-compat@3.6.5
865 silly saveTree | | | | `-- semver@7.0.0
865 silly saveTree | | | +-- invariant@2.2.4
865 silly saveTree | | | +-- levenary@1.1.1
865 silly saveTree | | | `-- semver@5.7.1
865 silly saveTree | | +-- @babel/preset-react@7.10.4
865 silly saveTree | | | +-- @babel/plugin-transform-react-display-name@7.10.4
865 silly saveTree | | | +-- @babel/plugin-transform-react-jsx-development@7.10.4
865 silly saveTree | | | +-- @babel/plugin-transform-react-jsx-self@7.10.4
865 silly saveTree | | | +-- @babel/plugin-transform-react-jsx@7.10.4
865 silly saveTree | | | `-- @babel/plugin-transform-react-pure-annotations@7.10.4
865 silly saveTree | | +-- @svgr/core@4.3.3
865 silly saveTree | | | +-- @svgr/plugin-jsx@4.3.3
865 silly saveTree | | | `-- camelcase@5.3.1
865 silly saveTree | | +-- @svgr/plugin-jsx@4.3.3
865 silly saveTree | | +-- @svgr/plugin-svgo@4.3.1
865 silly saveTree | | `-- loader-utils@1.4.0
865 silly saveTree | +-- @typescript-eslint/eslint-plugin@2.34.0
865 silly saveTree | +-- @typescript-eslint/parser@2.34.0
865 silly saveTree | +-- babel-eslint@10.1.0
865 silly saveTree | +-- babel-jest@24.9.0
865 silly saveTree | +-- babel-loader@8.1.0
865 silly saveTree | +-- babel-plugin-named-asset-import@0.3.6
865 silly saveTree | +-- babel-preset-react-app@9.1.2
865 silly saveTree | +-- camelcase@5.3.1
865 silly saveTree | +-- case-sensitive-paths-webpack-plugin@2.3.0
865 silly saveTree | +-- css-loader@3.4.2
865 silly saveTree | +-- dotenv-expand@5.1.0
865 silly saveTree | +-- dotenv@8.2.0
865 silly saveTree | +-- eslint-config-react-app@5.2.1
865 silly saveTree | +-- eslint-loader@3.0.3
865 silly saveTree | | `-- fs-extra@8.1.0
865 silly saveTree | +-- eslint-plugin-flowtype@4.6.0
865 silly saveTree | +-- eslint-plugin-import@2.20.1
865 silly saveTree | +-- eslint-plugin-jsx-a11y@6.2.3
865 silly saveTree | +-- eslint-plugin-react-hooks@1.7.0
865 silly saveTree | +-- eslint-plugin-react@7.19.0
865 silly saveTree | | `-- semver@6.3.0
865 silly saveTree | +-- eslint@6.8.0
865 silly saveTree | +-- file-loader@4.3.0
865 silly saveTree | +-- fs-extra@8.1.0
865 silly saveTree | +-- fsevents@2.1.2
865 silly saveTree | +-- html-webpack-plugin@4.0.0-beta.11
865 silly saveTree | +-- identity-obj-proxy@3.0.0
865 silly saveTree | +-- jest-environment-jsdom-fourteen@1.0.1
865 silly saveTree | +-- jest-resolve@24.9.0
865 silly saveTree | +-- jest-watch-typeahead@0.4.2
865 silly saveTree | +-- jest@24.9.0
865 silly saveTree | +-- mini-css-extract-plugin@0.9.0
865 silly saveTree | +-- optimize-css-assets-webpack-plugin@5.0.3
865 silly saveTree | +-- pnp-webpack-plugin@1.6.4
865 silly saveTree | | `-- ts-pnp@1.1.6
865 silly saveTree | +-- postcss-flexbugs-fixes@4.1.0
865 silly saveTree | +-- postcss-loader@3.0.0
865 silly saveTree | +-- postcss-normalize@8.0.1
865 silly saveTree | +-- postcss-preset-env@6.7.0
865 silly saveTree | +-- postcss-safe-parser@4.0.1
865 silly saveTree | +-- react-app-polyfill@1.0.6
865 silly saveTree | +-- react-dev-utils@10.2.1
865 silly saveTree | +-- resolve-url-loader@3.1.1
865 silly saveTree | +-- resolve@1.15.0
865 silly saveTree | +-- sass-loader@8.0.2
865 silly saveTree | +-- semver@6.3.0
865 silly saveTree | +-- style-loader@0.23.1
865 silly saveTree | +-- terser-webpack-plugin@2.3.5
865 silly saveTree | +-- ts-pnp@1.1.6
865 silly saveTree | +-- url-loader@2.3.0
865 silly saveTree | +-- webpack-dev-server@3.10.3
865 silly saveTree | +-- webpack-manifest-plugin@2.2.0
865 silly saveTree | +-- webpack@4.42.0
865 silly saveTree | `-- workbox-webpack-plugin@4.3.1
865 silly saveTree `-- react@16.13.1
866 warn optional SKIPPING OPTIONAL DEPENDENCY: fsevents@2.1.2 (node_modules/react-scripts/node_modules/fsevents):
867 warn notsup SKIPPING OPTIONAL DEPENDENCY: Unsupported platform for fsevents@2.1.2: wanted {"os":"darwin","arch":"any"} (current: {"os":"linux","arch":"x64"})
868 verbose notsup SKIPPING OPTIONAL DEPENDENCY: Valid OS:    darwin
868 verbose notsup SKIPPING OPTIONAL DEPENDENCY: Valid Arch:  any
868 verbose notsup SKIPPING OPTIONAL DEPENDENCY: Actual OS:   linux
868 verbose notsup SKIPPING OPTIONAL DEPENDENCY: Actual Arch: x64
869 verbose stack SyntaxError: Unexpected end of JSON input while parsing near '...W5c\nEbYNAtsRIIIcGMBN'
869 verbose stack     at JSON.parse (<anonymous>)
869 verbose stack     at parseJson (/usr/lib/node_modules/npm/node_modules/json-parse-better-errors/index.js:7:17)
869 verbose stack     at consumeBody.call.then.buffer (/usr/lib/node_modules/npm/node_modules/node-fetch-npm/src/body.js:96:50)
869 verbose stack     at process._tickCallback (internal/process/next_tick.js:68:7)
870 verbose cwd /var/www/frontend
871 verbose Linux 4.19.76-linuxkit
872 verbose argv "/usr/bin/node" "/usr/bin/npm" "install" "--save" "--save-exact" "--loglevel" "error" "react" "react-dom" "react-scripts" "cra-template-typescript"
873 verbose node v10.19.0
874 verbose npm  v6.13.4
875 error Unexpected end of JSON input while parsing near '...W5c\nEbYNAtsRIIIcGMBN'
876 verbose exit [ 1, true ]
